{"/Users/nandanmuruli/Desktop/Usabality Testing/Project_3_React_Unit_Testing/ReactUnitTest-Template/src/App.jsx": {"path":"/Users/nandanmuruli/Desktop/Usabality Testing/Project_3_React_Unit_Testing/ReactUnitTest-Template/src/App.jsx","statementMap":{"0":{"start":{"line":15,"column":23},"end":{"line":26,"column":1}},"1":{"start":{"line":16,"column":2},"end":{"line":25,"column":5}},"2":{"start":{"line":17,"column":4},"end":{"line":24,"column":12}},"3":{"start":{"line":18,"column":6},"end":{"line":23,"column":9}},"4":{"start":{"line":29,"column":36},"end":{"line":29,"column":56}},"5":{"start":{"line":31,"column":28},"end":{"line":35,"column":3}},"6":{"start":{"line":32,"column":4},"end":{"line":32,"column":42}},"7":{"start":{"line":34,"column":4},"end":{"line":34,"column":62}},"8":{"start":{"line":34,"column":35},"end":{"line":34,"column":60}},"9":{"start":{"line":37,"column":35},"end":{"line":41,"column":3}},"10":{"start":{"line":38,"column":4},"end":{"line":38,"column":49}},"11":{"start":{"line":40,"column":4},"end":{"line":40,"column":62}},"12":{"start":{"line":40,"column":35},"end":{"line":40,"column":60}},"13":{"start":{"line":43,"column":15},"end":{"line":52,"column":3}},"14":{"start":{"line":54,"column":24},"end":{"line":75,"column":3}},"15":{"start":{"line":55,"column":4},"end":{"line":74,"column":5}},"16":{"start":{"line":57,"column":8},"end":{"line":57,"column":74}},"17":{"start":{"line":59,"column":8},"end":{"line":59,"column":71}},"18":{"start":{"line":61,"column":8},"end":{"line":61,"column":30}},"19":{"start":{"line":63,"column":8},"end":{"line":63,"column":28}},"20":{"start":{"line":65,"column":8},"end":{"line":65,"column":32}},"21":{"start":{"line":67,"column":8},"end":{"line":67,"column":58}},"22":{"start":{"line":69,"column":8},"end":{"line":69,"column":72}},"23":{"start":{"line":71,"column":8},"end":{"line":71,"column":56}},"24":{"start":{"line":73,"column":8},"end":{"line":73,"column":45}},"25":{"start":{"line":77,"column":2},"end":{"line":105,"column":4}},"26":{"start":{"line":86,"column":10},"end":{"line":92,"column":19}},"27":{"start":{"line":88,"column":27},"end":{"line":88,"column":47}}},"fnMap":{"0":{"name":"(anonymous_0)","decl":{"start":{"line":15,"column":23},"end":{"line":15,"column":24}},"loc":{"start":{"line":15,"column":29},"end":{"line":26,"column":1}},"line":15},"1":{"name":"(anonymous_1)","decl":{"start":{"line":16,"column":21},"end":{"line":16,"column":22}},"loc":{"start":{"line":16,"column":34},"end":{"line":25,"column":3}},"line":16},"2":{"name":"(anonymous_2)","decl":{"start":{"line":17,"column":15},"end":{"line":17,"column":16}},"loc":{"start":{"line":17,"column":21},"end":{"line":24,"column":5}},"line":17},"3":{"name":"App","decl":{"start":{"line":28,"column":9},"end":{"line":28,"column":12}},"loc":{"start":{"line":28,"column":15},"end":{"line":106,"column":1}},"line":28},"4":{"name":"(anonymous_4)","decl":{"start":{"line":31,"column":28},"end":{"line":31,"column":29}},"loc":{"start":{"line":31,"column":44},"end":{"line":35,"column":3}},"line":31},"5":{"name":"(anonymous_5)","decl":{"start":{"line":34,"column":22},"end":{"line":34,"column":23}},"loc":{"start":{"line":34,"column":35},"end":{"line":34,"column":60}},"line":34},"6":{"name":"(anonymous_6)","decl":{"start":{"line":37,"column":35},"end":{"line":37,"column":36}},"loc":{"start":{"line":37,"column":51},"end":{"line":41,"column":3}},"line":37},"7":{"name":"(anonymous_7)","decl":{"start":{"line":40,"column":22},"end":{"line":40,"column":23}},"loc":{"start":{"line":40,"column":35},"end":{"line":40,"column":60}},"line":40},"8":{"name":"(anonymous_8)","decl":{"start":{"line":54,"column":24},"end":{"line":54,"column":25}},"loc":{"start":{"line":54,"column":30},"end":{"line":75,"column":3}},"line":54},"9":{"name":"(anonymous_9)","decl":{"start":{"line":85,"column":18},"end":{"line":85,"column":19}},"loc":{"start":{"line":86,"column":10},"end":{"line":92,"column":19}},"line":86},"10":{"name":"(anonymous_10)","decl":{"start":{"line":88,"column":21},"end":{"line":88,"column":22}},"loc":{"start":{"line":88,"column":27},"end":{"line":88,"column":47}},"line":88}},"branchMap":{"0":{"loc":{"start":{"line":55,"column":4},"end":{"line":74,"column":5}},"type":"switch","locations":[{"start":{"line":56,"column":6},"end":{"line":57,"column":74}},{"start":{"line":58,"column":6},"end":{"line":59,"column":71}},{"start":{"line":60,"column":6},"end":{"line":61,"column":30}},{"start":{"line":62,"column":6},"end":{"line":63,"column":28}},{"start":{"line":64,"column":6},"end":{"line":65,"column":32}},{"start":{"line":66,"column":6},"end":{"line":67,"column":58}},{"start":{"line":68,"column":6},"end":{"line":69,"column":72}},{"start":{"line":70,"column":6},"end":{"line":71,"column":56}},{"start":{"line":72,"column":6},"end":{"line":73,"column":45}}],"line":55},"1":{"loc":{"start":{"line":89,"column":23},"end":{"line":89,"column":59}},"type":"cond-expr","locations":[{"start":{"line":89,"column":46},"end":{"line":89,"column":54}},{"start":{"line":89,"column":57},"end":{"line":89,"column":59}}],"line":89}},"s":{"0":0,"1":0,"2":0,"3":0,"4":0,"5":0,"6":0,"7":0,"8":0,"9":0,"10":0,"11":0,"12":0,"13":0,"14":0,"15":0,"16":0,"17":0,"18":0,"19":0,"20":0,"21":0,"22":0,"23":0,"24":0,"25":0,"26":0,"27":0},"f":{"0":0,"1":0,"2":0,"3":0,"4":0,"5":0,"6":0,"7":0,"8":0,"9":0,"10":0},"b":{"0":[0,0,0,0,0,0,0,0,0],"1":[0,0]}}
,"/Users/nandanmuruli/Desktop/Usabality Testing/Project_3_React_Unit_Testing/ReactUnitTest-Template/src/components/Calculator.jsx": {"path":"/Users/nandanmuruli/Desktop/Usabality Testing/Project_3_React_Unit_Testing/ReactUnitTest-Template/src/components/Calculator.jsx","statementMap":{"0":{"start":{"line":8,"column":32},"end":{"line":8,"column":45}},"1":{"start":{"line":9,"column":42},"end":{"line":9,"column":56}},"2":{"start":{"line":10,"column":34},"end":{"line":10,"column":48}},"3":{"start":{"line":11,"column":64},"end":{"line":11,"column":79}},"4":{"start":{"line":12,"column":28},"end":{"line":12,"column":40}},"5":{"start":{"line":14,"column":21},"end":{"line":22,"column":3}},"6":{"start":{"line":15,"column":4},"end":{"line":15,"column":17}},"7":{"start":{"line":16,"column":4},"end":{"line":21,"column":5}},"8":{"start":{"line":17,"column":6},"end":{"line":17,"column":24}},"9":{"start":{"line":18,"column":6},"end":{"line":18,"column":40}},"10":{"start":{"line":20,"column":6},"end":{"line":20,"column":60}},"11":{"start":{"line":24,"column":23},"end":{"line":34,"column":3}},"12":{"start":{"line":25,"column":4},"end":{"line":25,"column":17}},"13":{"start":{"line":26,"column":4},"end":{"line":30,"column":5}},"14":{"start":{"line":27,"column":6},"end":{"line":27,"column":23}},"15":{"start":{"line":28,"column":6},"end":{"line":28,"column":40}},"16":{"start":{"line":29,"column":6},"end":{"line":29,"column":13}},"17":{"start":{"line":31,"column":4},"end":{"line":33,"column":5}},"18":{"start":{"line":32,"column":6},"end":{"line":32,"column":32}},"19":{"start":{"line":36,"column":16},"end":{"line":42,"column":3}},"20":{"start":{"line":37,"column":4},"end":{"line":37,"column":20}},"21":{"start":{"line":38,"column":4},"end":{"line":38,"column":26}},"22":{"start":{"line":39,"column":4},"end":{"line":39,"column":22}},"23":{"start":{"line":40,"column":4},"end":{"line":40,"column":38}},"24":{"start":{"line":41,"column":4},"end":{"line":41,"column":17}},"25":{"start":{"line":44,"column":27},"end":{"line":66,"column":3}},"26":{"start":{"line":45,"column":23},"end":{"line":45,"column":42}},"27":{"start":{"line":47,"column":4},"end":{"line":62,"column":5}},"28":{"start":{"line":48,"column":6},"end":{"line":48,"column":34}},"29":{"start":{"line":49,"column":11},"end":{"line":62,"column":5}},"30":{"start":{"line":50,"column":6},"end":{"line":61,"column":7}},"31":{"start":{"line":51,"column":23},"end":{"line":51,"column":68}},"32":{"start":{"line":52,"column":8},"end":{"line":52,"column":35}},"33":{"start":{"line":53,"column":8},"end":{"line":53,"column":32}},"34":{"start":{"line":55,"column":8},"end":{"line":55,"column":30}},"35":{"start":{"line":56,"column":8},"end":{"line":56,"column":24}},"36":{"start":{"line":57,"column":8},"end":{"line":57,"column":30}},"37":{"start":{"line":58,"column":8},"end":{"line":58,"column":26}},"38":{"start":{"line":59,"column":8},"end":{"line":59,"column":42}},"39":{"start":{"line":60,"column":8},"end":{"line":60,"column":15}},"40":{"start":{"line":64,"column":4},"end":{"line":64,"column":37}},"41":{"start":{"line":65,"column":4},"end":{"line":65,"column":30}},"42":{"start":{"line":68,"column":20},"end":{"line":81,"column":3}},"43":{"start":{"line":69,"column":4},"end":{"line":80,"column":5}},"44":{"start":{"line":71,"column":8},"end":{"line":71,"column":34}},"45":{"start":{"line":73,"column":8},"end":{"line":73,"column":39}},"46":{"start":{"line":75,"column":8},"end":{"line":75,"column":39}},"47":{"start":{"line":77,"column":8},"end":{"line":77,"column":37}},"48":{"start":{"line":79,"column":8},"end":{"line":79,"column":22}},"49":{"start":{"line":83,"column":17},"end":{"line":98,"column":3}},"50":{"start":{"line":84,"column":4},"end":{"line":84,"column":59}},"51":{"start":{"line":84,"column":52},"end":{"line":84,"column":59}},"52":{"start":{"line":86,"column":23},"end":{"line":86,"column":42}},"53":{"start":{"line":88,"column":4},"end":{"line":97,"column":5}},"54":{"start":{"line":89,"column":21},"end":{"line":89,"column":66}},"55":{"start":{"line":90,"column":6},"end":{"line":90,"column":33}},"56":{"start":{"line":91,"column":6},"end":{"line":91,"column":28}},"57":{"start":{"line":92,"column":6},"end":{"line":92,"column":24}},"58":{"start":{"line":93,"column":6},"end":{"line":93,"column":40}},"59":{"start":{"line":95,"column":6},"end":{"line":95,"column":28}},"60":{"start":{"line":96,"column":6},"end":{"line":96,"column":14}},"61":{"start":{"line":100,"column":21},"end":{"line":103,"column":3}},"62":{"start":{"line":101,"column":18},"end":{"line":101,"column":37}},"63":{"start":{"line":102,"column":4},"end":{"line":102,"column":35}},"64":{"start":{"line":105,"column":21},"end":{"line":108,"column":3}},"65":{"start":{"line":106,"column":18},"end":{"line":106,"column":37}},"66":{"start":{"line":107,"column":4},"end":{"line":107,"column":36}},"67":{"start":{"line":110,"column":2},"end":{"line":216,"column":4}},"68":{"start":{"line":143,"column":25},"end":{"line":143,"column":46}},"69":{"start":{"line":150,"column":31},"end":{"line":150,"column":46}},"70":{"start":{"line":153,"column":31},"end":{"line":153,"column":46}},"71":{"start":{"line":156,"column":31},"end":{"line":156,"column":46}},"72":{"start":{"line":160,"column":25},"end":{"line":160,"column":46}},"73":{"start":{"line":167,"column":31},"end":{"line":167,"column":46}},"74":{"start":{"line":170,"column":31},"end":{"line":170,"column":46}},"75":{"start":{"line":173,"column":31},"end":{"line":173,"column":46}},"76":{"start":{"line":177,"column":25},"end":{"line":177,"column":46}},"77":{"start":{"line":184,"column":31},"end":{"line":184,"column":46}},"78":{"start":{"line":187,"column":31},"end":{"line":187,"column":46}},"79":{"start":{"line":190,"column":31},"end":{"line":190,"column":46}},"80":{"start":{"line":194,"column":25},"end":{"line":194,"column":46}},"81":{"start":{"line":202,"column":25},"end":{"line":202,"column":40}}},"fnMap":{"0":{"name":"Calculator","decl":{"start":{"line":7,"column":9},"end":{"line":7,"column":19}},"loc":{"start":{"line":7,"column":22},"end":{"line":217,"column":1}},"line":7},"1":{"name":"(anonymous_1)","decl":{"start":{"line":14,"column":21},"end":{"line":14,"column":22}},"loc":{"start":{"line":14,"column":32},"end":{"line":22,"column":3}},"line":14},"2":{"name":"(anonymous_2)","decl":{"start":{"line":24,"column":23},"end":{"line":24,"column":24}},"loc":{"start":{"line":24,"column":29},"end":{"line":34,"column":3}},"line":24},"3":{"name":"(anonymous_3)","decl":{"start":{"line":36,"column":16},"end":{"line":36,"column":17}},"loc":{"start":{"line":36,"column":22},"end":{"line":42,"column":3}},"line":36},"4":{"name":"(anonymous_4)","decl":{"start":{"line":44,"column":27},"end":{"line":44,"column":28}},"loc":{"start":{"line":44,"column":45},"end":{"line":66,"column":3}},"line":44},"5":{"name":"(anonymous_5)","decl":{"start":{"line":68,"column":20},"end":{"line":68,"column":21}},"loc":{"start":{"line":68,"column":43},"end":{"line":81,"column":3}},"line":68},"6":{"name":"(anonymous_6)","decl":{"start":{"line":83,"column":17},"end":{"line":83,"column":18}},"loc":{"start":{"line":83,"column":23},"end":{"line":98,"column":3}},"line":83},"7":{"name":"(anonymous_7)","decl":{"start":{"line":100,"column":21},"end":{"line":100,"column":22}},"loc":{"start":{"line":100,"column":27},"end":{"line":103,"column":3}},"line":100},"8":{"name":"(anonymous_8)","decl":{"start":{"line":105,"column":21},"end":{"line":105,"column":22}},"loc":{"start":{"line":105,"column":27},"end":{"line":108,"column":3}},"line":105},"9":{"name":"(anonymous_9)","decl":{"start":{"line":143,"column":19},"end":{"line":143,"column":20}},"loc":{"start":{"line":143,"column":25},"end":{"line":143,"column":46}},"line":143},"10":{"name":"(anonymous_10)","decl":{"start":{"line":150,"column":25},"end":{"line":150,"column":26}},"loc":{"start":{"line":150,"column":31},"end":{"line":150,"column":46}},"line":150},"11":{"name":"(anonymous_11)","decl":{"start":{"line":153,"column":25},"end":{"line":153,"column":26}},"loc":{"start":{"line":153,"column":31},"end":{"line":153,"column":46}},"line":153},"12":{"name":"(anonymous_12)","decl":{"start":{"line":156,"column":25},"end":{"line":156,"column":26}},"loc":{"start":{"line":156,"column":31},"end":{"line":156,"column":46}},"line":156},"13":{"name":"(anonymous_13)","decl":{"start":{"line":160,"column":19},"end":{"line":160,"column":20}},"loc":{"start":{"line":160,"column":25},"end":{"line":160,"column":46}},"line":160},"14":{"name":"(anonymous_14)","decl":{"start":{"line":167,"column":25},"end":{"line":167,"column":26}},"loc":{"start":{"line":167,"column":31},"end":{"line":167,"column":46}},"line":167},"15":{"name":"(anonymous_15)","decl":{"start":{"line":170,"column":25},"end":{"line":170,"column":26}},"loc":{"start":{"line":170,"column":31},"end":{"line":170,"column":46}},"line":170},"16":{"name":"(anonymous_16)","decl":{"start":{"line":173,"column":25},"end":{"line":173,"column":26}},"loc":{"start":{"line":173,"column":31},"end":{"line":173,"column":46}},"line":173},"17":{"name":"(anonymous_17)","decl":{"start":{"line":177,"column":19},"end":{"line":177,"column":20}},"loc":{"start":{"line":177,"column":25},"end":{"line":177,"column":46}},"line":177},"18":{"name":"(anonymous_18)","decl":{"start":{"line":184,"column":25},"end":{"line":184,"column":26}},"loc":{"start":{"line":184,"column":31},"end":{"line":184,"column":46}},"line":184},"19":{"name":"(anonymous_19)","decl":{"start":{"line":187,"column":25},"end":{"line":187,"column":26}},"loc":{"start":{"line":187,"column":31},"end":{"line":187,"column":46}},"line":187},"20":{"name":"(anonymous_20)","decl":{"start":{"line":190,"column":25},"end":{"line":190,"column":26}},"loc":{"start":{"line":190,"column":31},"end":{"line":190,"column":46}},"line":190},"21":{"name":"(anonymous_21)","decl":{"start":{"line":194,"column":19},"end":{"line":194,"column":20}},"loc":{"start":{"line":194,"column":25},"end":{"line":194,"column":46}},"line":194},"22":{"name":"(anonymous_22)","decl":{"start":{"line":202,"column":19},"end":{"line":202,"column":20}},"loc":{"start":{"line":202,"column":25},"end":{"line":202,"column":40}},"line":202}},"branchMap":{"0":{"loc":{"start":{"line":16,"column":4},"end":{"line":21,"column":5}},"type":"if","locations":[{"start":{"line":16,"column":4},"end":{"line":21,"column":5}},{"start":{"line":19,"column":11},"end":{"line":21,"column":5}}],"line":16},"1":{"loc":{"start":{"line":20,"column":17},"end":{"line":20,"column":58}},"type":"cond-expr","locations":[{"start":{"line":20,"column":35},"end":{"line":20,"column":40}},{"start":{"line":20,"column":43},"end":{"line":20,"column":58}}],"line":20},"2":{"loc":{"start":{"line":26,"column":4},"end":{"line":30,"column":5}},"type":"if","locations":[{"start":{"line":26,"column":4},"end":{"line":30,"column":5}},{"start":{},"end":{}}],"line":26},"3":{"loc":{"start":{"line":31,"column":4},"end":{"line":33,"column":5}},"type":"if","locations":[{"start":{"line":31,"column":4},"end":{"line":33,"column":5}},{"start":{},"end":{}}],"line":31},"4":{"loc":{"start":{"line":47,"column":4},"end":{"line":62,"column":5}},"type":"if","locations":[{"start":{"line":47,"column":4},"end":{"line":62,"column":5}},{"start":{"line":49,"column":11},"end":{"line":62,"column":5}}],"line":47},"5":{"loc":{"start":{"line":49,"column":11},"end":{"line":62,"column":5}},"type":"if","locations":[{"start":{"line":49,"column":11},"end":{"line":62,"column":5}},{"start":{},"end":{}}],"line":49},"6":{"loc":{"start":{"line":69,"column":4},"end":{"line":80,"column":5}},"type":"switch","locations":[{"start":{"line":70,"column":6},"end":{"line":71,"column":34}},{"start":{"line":72,"column":6},"end":{"line":73,"column":39}},{"start":{"line":74,"column":6},"end":{"line":75,"column":39}},{"start":{"line":76,"column":6},"end":{"line":77,"column":37}},{"start":{"line":78,"column":6},"end":{"line":79,"column":22}}],"line":69},"7":{"loc":{"start":{"line":84,"column":4},"end":{"line":84,"column":59}},"type":"if","locations":[{"start":{"line":84,"column":4},"end":{"line":84,"column":59}},{"start":{},"end":{}}],"line":84},"8":{"loc":{"start":{"line":84,"column":8},"end":{"line":84,"column":50}},"type":"binary-expr","locations":[{"start":{"line":84,"column":8},"end":{"line":84,"column":25}},{"start":{"line":84,"column":29},"end":{"line":84,"column":50}}],"line":84},"9":{"loc":{"start":{"line":114,"column":7},"end":{"line":118,"column":7}},"type":"binary-expr","locations":[{"start":{"line":114,"column":7},"end":{"line":114,"column":12}},{"start":{"line":115,"column":8},"end":{"line":117,"column":14}}],"line":114},"10":{"loc":{"start":{"line":145,"column":33},"end":{"line":145,"column":65}},"type":"cond-expr","locations":[{"start":{"line":145,"column":52},"end":{"line":145,"column":60}},{"start":{"line":145,"column":63},"end":{"line":145,"column":65}}],"line":145},"11":{"loc":{"start":{"line":162,"column":33},"end":{"line":162,"column":65}},"type":"cond-expr","locations":[{"start":{"line":162,"column":52},"end":{"line":162,"column":60}},{"start":{"line":162,"column":63},"end":{"line":162,"column":65}}],"line":162},"12":{"loc":{"start":{"line":179,"column":33},"end":{"line":179,"column":65}},"type":"cond-expr","locations":[{"start":{"line":179,"column":52},"end":{"line":179,"column":60}},{"start":{"line":179,"column":63},"end":{"line":179,"column":65}}],"line":179},"13":{"loc":{"start":{"line":196,"column":33},"end":{"line":196,"column":65}},"type":"cond-expr","locations":[{"start":{"line":196,"column":52},"end":{"line":196,"column":60}},{"start":{"line":196,"column":63},"end":{"line":196,"column":65}}],"line":196}},"s":{"0":10,"1":10,"2":10,"3":10,"4":10,"5":10,"6":5,"7":5,"8":1,"9":1,"10":4,"11":10,"12":0,"13":0,"14":0,"15":0,"16":0,"17":0,"18":0,"19":10,"20":0,"21":0,"22":0,"23":0,"24":0,"25":10,"26":1,"27":1,"28":1,"29":0,"30":0,"31":0,"32":0,"33":0,"34":0,"35":0,"36":0,"37":0,"38":0,"39":0,"40":1,"41":1,"42":10,"43":1,"44":1,"45":0,"46":0,"47":0,"48":0,"49":10,"50":1,"51":0,"52":1,"53":1,"54":1,"55":1,"56":1,"57":1,"58":1,"59":0,"60":0,"61":10,"62":0,"63":0,"64":10,"65":0,"66":0,"67":10,"68":0,"69":0,"70":0,"71":0,"72":0,"73":0,"74":1,"75":0,"76":0,"77":1,"78":1,"79":2,"80":1,"81":0},"f":{"0":10,"1":5,"2":0,"3":0,"4":1,"5":1,"6":1,"7":0,"8":0,"9":0,"10":0,"11":0,"12":0,"13":0,"14":0,"15":1,"16":0,"17":0,"18":1,"19":1,"20":2,"21":1,"22":0},"b":{"0":[1,4],"1":[2,2],"2":[0,0],"3":[0,0],"4":[1,0],"5":[0,0],"6":[1,0,0,0,0],"7":[0,1],"8":[1,1],"9":[10,0],"10":[0,10],"11":[0,10],"12":[0,10],"13":[2,8]},"_coverageSchema":"1a1c01bbd47fc00a2c39e90264f33305004495a9","hash":"a882d51057b585170825898bad0025ce1c18cd5d"}
,"/Users/nandanmuruli/Desktop/Usabality Testing/Project_3_React_Unit_Testing/ReactUnitTest-Template/src/components/Counter.jsx": {"path":"/Users/nandanmuruli/Desktop/Usabality Testing/Project_3_React_Unit_Testing/ReactUnitTest-Template/src/components/Counter.jsx","statementMap":{"0":{"start":{"line":12,"column":28},"end":{"line":12,"column":50}},"1":{"start":{"line":14,"column":20},"end":{"line":16,"column":3}},"2":{"start":{"line":15,"column":4},"end":{"line":15,"column":51}},"3":{"start":{"line":15,"column":23},"end":{"line":15,"column":49}},"4":{"start":{"line":18,"column":20},"end":{"line":20,"column":3}},"5":{"start":{"line":19,"column":4},"end":{"line":19,"column":51}},"6":{"start":{"line":19,"column":23},"end":{"line":19,"column":49}},"7":{"start":{"line":22,"column":16},"end":{"line":24,"column":3}},"8":{"start":{"line":23,"column":4},"end":{"line":23,"column":27}},"9":{"start":{"line":26,"column":2},"end":{"line":52,"column":4}}},"fnMap":{"0":{"name":"Counter","decl":{"start":{"line":6,"column":9},"end":{"line":6,"column":16}},"loc":{"start":{"line":11,"column":3},"end":{"line":53,"column":1}},"line":11},"1":{"name":"(anonymous_1)","decl":{"start":{"line":14,"column":20},"end":{"line":14,"column":21}},"loc":{"start":{"line":14,"column":26},"end":{"line":16,"column":3}},"line":14},"2":{"name":"(anonymous_2)","decl":{"start":{"line":15,"column":13},"end":{"line":15,"column":14}},"loc":{"start":{"line":15,"column":23},"end":{"line":15,"column":49}},"line":15},"3":{"name":"(anonymous_3)","decl":{"start":{"line":18,"column":20},"end":{"line":18,"column":21}},"loc":{"start":{"line":18,"column":26},"end":{"line":20,"column":3}},"line":18},"4":{"name":"(anonymous_4)","decl":{"start":{"line":19,"column":13},"end":{"line":19,"column":14}},"loc":{"start":{"line":19,"column":23},"end":{"line":19,"column":49}},"line":19},"5":{"name":"(anonymous_5)","decl":{"start":{"line":22,"column":16},"end":{"line":22,"column":17}},"loc":{"start":{"line":22,"column":22},"end":{"line":24,"column":3}},"line":22}},"branchMap":{"0":{"loc":{"start":{"line":7,"column":2},"end":{"line":7,"column":18}},"type":"default-arg","locations":[{"start":{"line":7,"column":17},"end":{"line":7,"column":18}}],"line":7},"1":{"loc":{"start":{"line":8,"column":2},"end":{"line":8,"column":10}},"type":"default-arg","locations":[{"start":{"line":8,"column":9},"end":{"line":8,"column":10}}],"line":8},"2":{"loc":{"start":{"line":9,"column":2},"end":{"line":9,"column":17}},"type":"default-arg","locations":[{"start":{"line":9,"column":8},"end":{"line":9,"column":17}}],"line":9},"3":{"loc":{"start":{"line":10,"column":2},"end":{"line":10,"column":16}},"type":"default-arg","locations":[{"start":{"line":10,"column":8},"end":{"line":10,"column":16}}],"line":10}},"s":{"0":0,"1":0,"2":0,"3":0,"4":0,"5":0,"6":0,"7":0,"8":0,"9":0},"f":{"0":0,"1":0,"2":0,"3":0,"4":0,"5":0},"b":{"0":[0],"1":[0],"2":[0],"3":[0]}}
,"/Users/nandanmuruli/Desktop/Usabality Testing/Project_3_React_Unit_Testing/ReactUnitTest-Template/src/components/Greeting.jsx": {"path":"/Users/nandanmuruli/Desktop/Usabality Testing/Project_3_React_Unit_Testing/ReactUnitTest-Template/src/components/Greeting.jsx","statementMap":{"0":{"start":{"line":5,"column":22},"end":{"line":21,"column":3}},"1":{"start":{"line":6,"column":4},"end":{"line":8,"column":5}},"2":{"start":{"line":7,"column":6},"end":{"line":7,"column":21}},"3":{"start":{"line":10,"column":17},"end":{"line":10,"column":76}},"4":{"start":{"line":12,"column":4},"end":{"line":20,"column":5}},"5":{"start":{"line":13,"column":6},"end":{"line":13,"column":28}},"6":{"start":{"line":14,"column":11},"end":{"line":20,"column":5}},"7":{"start":{"line":15,"column":6},"end":{"line":15,"column":30}},"8":{"start":{"line":16,"column":11},"end":{"line":20,"column":5}},"9":{"start":{"line":17,"column":6},"end":{"line":17,"column":28}},"10":{"start":{"line":19,"column":6},"end":{"line":19,"column":26}},"11":{"start":{"line":23,"column":22},"end":{"line":23,"column":45}},"12":{"start":{"line":24,"column":19},"end":{"line":24,"column":32}},"13":{"start":{"line":26,"column":2},"end":{"line":37,"column":4}}},"fnMap":{"0":{"name":"Greeting","decl":{"start":{"line":4,"column":9},"end":{"line":4,"column":17}},"loc":{"start":{"line":4,"column":34},"end":{"line":38,"column":1}},"line":4},"1":{"name":"(anonymous_1)","decl":{"start":{"line":5,"column":22},"end":{"line":5,"column":23}},"loc":{"start":{"line":5,"column":28},"end":{"line":21,"column":3}},"line":5}},"branchMap":{"0":{"loc":{"start":{"line":6,"column":4},"end":{"line":8,"column":5}},"type":"if","locations":[{"start":{"line":6,"column":4},"end":{"line":8,"column":5}},{"start":{},"end":{}}],"line":6},"1":{"loc":{"start":{"line":6,"column":8},"end":{"line":6,"column":27}},"type":"binary-expr","locations":[{"start":{"line":6,"column":8},"end":{"line":6,"column":13}},{"start":{"line":6,"column":17},"end":{"line":6,"column":27}}],"line":6},"2":{"loc":{"start":{"line":10,"column":17},"end":{"line":10,"column":76}},"type":"cond-expr","locations":[{"start":{"line":10,"column":44},"end":{"line":10,"column":48}},{"start":{"line":10,"column":51},"end":{"line":10,"column":76}}],"line":10},"3":{"loc":{"start":{"line":12,"column":4},"end":{"line":20,"column":5}},"type":"if","locations":[{"start":{"line":12,"column":4},"end":{"line":20,"column":5}},{"start":{"line":14,"column":11},"end":{"line":20,"column":5}}],"line":12},"4":{"loc":{"start":{"line":12,"column":8},"end":{"line":12,"column":30}},"type":"binary-expr","locations":[{"start":{"line":12,"column":8},"end":{"line":12,"column":17}},{"start":{"line":12,"column":21},"end":{"line":12,"column":30}}],"line":12},"5":{"loc":{"start":{"line":14,"column":11},"end":{"line":20,"column":5}},"type":"if","locations":[{"start":{"line":14,"column":11},"end":{"line":20,"column":5}},{"start":{"line":16,"column":11},"end":{"line":20,"column":5}}],"line":14},"6":{"loc":{"start":{"line":14,"column":15},"end":{"line":14,"column":38}},"type":"binary-expr","locations":[{"start":{"line":14,"column":15},"end":{"line":14,"column":25}},{"start":{"line":14,"column":29},"end":{"line":14,"column":38}}],"line":14},"7":{"loc":{"start":{"line":16,"column":11},"end":{"line":20,"column":5}},"type":"if","locations":[{"start":{"line":16,"column":11},"end":{"line":20,"column":5}},{"start":{"line":18,"column":11},"end":{"line":20,"column":5}}],"line":16},"8":{"loc":{"start":{"line":16,"column":15},"end":{"line":16,"column":38}},"type":"binary-expr","locations":[{"start":{"line":16,"column":15},"end":{"line":16,"column":25}},{"start":{"line":16,"column":29},"end":{"line":16,"column":38}}],"line":16},"9":{"loc":{"start":{"line":23,"column":22},"end":{"line":23,"column":45}},"type":"binary-expr","locations":[{"start":{"line":23,"column":22},"end":{"line":23,"column":34}},{"start":{"line":23,"column":38},"end":{"line":23,"column":45}}],"line":23},"10":{"loc":{"start":{"line":31,"column":7},"end":{"line":35,"column":7}},"type":"binary-expr","locations":[{"start":{"line":31,"column":7},"end":{"line":31,"column":30}},{"start":{"line":32,"column":8},"end":{"line":34,"column":12}}],"line":31}},"s":{"0":2,"1":2,"2":2,"3":0,"4":0,"5":0,"6":0,"7":0,"8":0,"9":0,"10":0,"11":2,"12":2,"13":2},"f":{"0":2,"1":2},"b":{"0":[2,0],"1":[2,2],"2":[0,0],"3":[0,0],"4":[0,0],"5":[0,0],"6":[0,0],"7":[0,0],"8":[0,0],"9":[2,1],"10":[2,1]},"_coverageSchema":"1a1c01bbd47fc00a2c39e90264f33305004495a9","hash":"78bea6e10befd98583405e5becf49226db8a6d27"}
,"/Users/nandanmuruli/Desktop/Usabality Testing/Project_3_React_Unit_Testing/ReactUnitTest-Template/src/components/LoginForm.jsx": {"path":"/Users/nandanmuruli/Desktop/Usabality Testing/Project_3_React_Unit_Testing/ReactUnitTest-Template/src/components/LoginForm.jsx","statementMap":{"0":{"start":{"line":14,"column":34},"end":{"line":18,"column":4}},"1":{"start":{"line":20,"column":30},"end":{"line":20,"column":42}},"2":{"start":{"line":21,"column":32},"end":{"line":21,"column":44}},"3":{"start":{"line":22,"column":42},"end":{"line":22,"column":57}},"4":{"start":{"line":23,"column":40},"end":{"line":23,"column":52}},"5":{"start":{"line":24,"column":44},"end":{"line":24,"column":59}},"6":{"start":{"line":26,"column":24},"end":{"line":42,"column":3}},"7":{"start":{"line":27,"column":4},"end":{"line":41,"column":5}},"8":{"start":{"line":29,"column":8},"end":{"line":29,"column":59}},"9":{"start":{"line":29,"column":32},"end":{"line":29,"column":59}},"10":{"start":{"line":30,"column":8},"end":{"line":30,"column":70}},"11":{"start":{"line":30,"column":34},"end":{"line":30,"column":70}},"12":{"start":{"line":31,"column":8},"end":{"line":31,"column":18}},"13":{"start":{"line":33,"column":8},"end":{"line":33,"column":62}},"14":{"start":{"line":33,"column":32},"end":{"line":33,"column":62}},"15":{"start":{"line":34,"column":8},"end":{"line":35,"column":58}},"16":{"start":{"line":35,"column":10},"end":{"line":35,"column":58}},"17":{"start":{"line":36,"column":8},"end":{"line":37,"column":74}},"18":{"start":{"line":37,"column":10},"end":{"line":37,"column":74}},"19":{"start":{"line":38,"column":8},"end":{"line":38,"column":18}},"20":{"start":{"line":40,"column":8},"end":{"line":40,"column":18}},"21":{"start":{"line":44,"column":23},"end":{"line":63,"column":3}},"22":{"start":{"line":45,"column":43},"end":{"line":45,"column":51}},"23":{"start":{"line":46,"column":21},"end":{"line":46,"column":58}},"24":{"start":{"line":48,"column":4},"end":{"line":51,"column":8}},"25":{"start":{"line":48,"column":27},"end":{"line":51,"column":5}},"26":{"start":{"line":54,"column":4},"end":{"line":59,"column":5}},"27":{"start":{"line":55,"column":6},"end":{"line":58,"column":10}},"28":{"start":{"line":55,"column":27},"end":{"line":58,"column":7}},"29":{"start":{"line":61,"column":4},"end":{"line":61,"column":23}},"30":{"start":{"line":62,"column":4},"end":{"line":62,"column":28}},"31":{"start":{"line":65,"column":21},"end":{"line":78,"column":3}},"32":{"start":{"line":66,"column":28},"end":{"line":66,"column":36}},"33":{"start":{"line":68,"column":4},"end":{"line":71,"column":8}},"34":{"start":{"line":68,"column":26},"end":{"line":71,"column":5}},"35":{"start":{"line":73,"column":18},"end":{"line":73,"column":44}},"36":{"start":{"line":74,"column":4},"end":{"line":77,"column":8}},"37":{"start":{"line":74,"column":25},"end":{"line":77,"column":5}},"38":{"start":{"line":80,"column":23},"end":{"line":96,"column":3}},"39":{"start":{"line":81,"column":22},"end":{"line":81,"column":24}},"40":{"start":{"line":82,"column":18},"end":{"line":82,"column":22}},"41":{"start":{"line":84,"column":4},"end":{"line":92,"column":7}},"42":{"start":{"line":85,"column":6},"end":{"line":91,"column":7}},"43":{"start":{"line":86,"column":22},"end":{"line":86,"column":59}},"44":{"start":{"line":87,"column":8},"end":{"line":90,"column":9}},"45":{"start":{"line":88,"column":10},"end":{"line":88,"column":35}},"46":{"start":{"line":89,"column":10},"end":{"line":89,"column":26}},"47":{"start":{"line":94,"column":4},"end":{"line":94,"column":25}},"48":{"start":{"line":95,"column":4},"end":{"line":95,"column":19}},"49":{"start":{"line":98,"column":23},"end":{"line":126,"column":3}},"50":{"start":{"line":99,"column":4},"end":{"line":99,"column":23}},"51":{"start":{"line":102,"column":4},"end":{"line":105,"column":7}},"52":{"start":{"line":107,"column":4},"end":{"line":109,"column":5}},"53":{"start":{"line":108,"column":6},"end":{"line":108,"column":13}},"54":{"start":{"line":111,"column":4},"end":{"line":111,"column":26}},"55":{"start":{"line":112,"column":4},"end":{"line":112,"column":23}},"56":{"start":{"line":114,"column":4},"end":{"line":125,"column":5}},"57":{"start":{"line":115,"column":6},"end":{"line":117,"column":7}},"58":{"start":{"line":116,"column":8},"end":{"line":116,"column":33}},"59":{"start":{"line":118,"column":6},"end":{"line":118,"column":29}},"60":{"start":{"line":119,"column":6},"end":{"line":119,"column":66}},"61":{"start":{"line":120,"column":6},"end":{"line":120,"column":21}},"62":{"start":{"line":122,"column":6},"end":{"line":122,"column":73}},"63":{"start":{"line":124,"column":6},"end":{"line":124,"column":29}},"64":{"start":{"line":128,"column":27},"end":{"line":128,"column":65}},"65":{"start":{"line":130,"column":2},"end":{"line":216,"column":4}}},"fnMap":{"0":{"name":"LoginForm","decl":{"start":{"line":13,"column":9},"end":{"line":13,"column":18}},"loc":{"start":{"line":13,"column":33},"end":{"line":217,"column":1}},"line":13},"1":{"name":"(anonymous_1)","decl":{"start":{"line":26,"column":24},"end":{"line":26,"column":25}},"loc":{"start":{"line":26,"column":41},"end":{"line":42,"column":3}},"line":26},"2":{"name":"(anonymous_2)","decl":{"start":{"line":44,"column":23},"end":{"line":44,"column":24}},"loc":{"start":{"line":44,"column":30},"end":{"line":63,"column":3}},"line":44},"3":{"name":"(anonymous_3)","decl":{"start":{"line":48,"column":16},"end":{"line":48,"column":17}},"loc":{"start":{"line":48,"column":27},"end":{"line":51,"column":5}},"line":48},"4":{"name":"(anonymous_4)","decl":{"start":{"line":55,"column":16},"end":{"line":55,"column":17}},"loc":{"start":{"line":55,"column":27},"end":{"line":58,"column":7}},"line":55},"5":{"name":"(anonymous_5)","decl":{"start":{"line":65,"column":21},"end":{"line":65,"column":22}},"loc":{"start":{"line":65,"column":28},"end":{"line":78,"column":3}},"line":65},"6":{"name":"(anonymous_6)","decl":{"start":{"line":68,"column":15},"end":{"line":68,"column":16}},"loc":{"start":{"line":68,"column":26},"end":{"line":71,"column":5}},"line":68},"7":{"name":"(anonymous_7)","decl":{"start":{"line":74,"column":14},"end":{"line":74,"column":15}},"loc":{"start":{"line":74,"column":25},"end":{"line":77,"column":5}},"line":74},"8":{"name":"(anonymous_8)","decl":{"start":{"line":80,"column":23},"end":{"line":80,"column":24}},"loc":{"start":{"line":80,"column":29},"end":{"line":96,"column":3}},"line":80},"9":{"name":"(anonymous_9)","decl":{"start":{"line":84,"column":34},"end":{"line":84,"column":35}},"loc":{"start":{"line":84,"column":45},"end":{"line":92,"column":5}},"line":84},"10":{"name":"(anonymous_10)","decl":{"start":{"line":98,"column":23},"end":{"line":98,"column":24}},"loc":{"start":{"line":98,"column":36},"end":{"line":126,"column":3}},"line":98}},"branchMap":{"0":{"loc":{"start":{"line":27,"column":4},"end":{"line":41,"column":5}},"type":"switch","locations":[{"start":{"line":28,"column":6},"end":{"line":31,"column":18}},{"start":{"line":32,"column":6},"end":{"line":38,"column":18}},{"start":{"line":39,"column":6},"end":{"line":40,"column":18}}],"line":27},"1":{"loc":{"start":{"line":29,"column":8},"end":{"line":29,"column":59}},"type":"if","locations":[{"start":{"line":29,"column":8},"end":{"line":29,"column":59}},{"start":{},"end":{}}],"line":29},"2":{"loc":{"start":{"line":30,"column":8},"end":{"line":30,"column":70}},"type":"if","locations":[{"start":{"line":30,"column":8},"end":{"line":30,"column":70}},{"start":{},"end":{}}],"line":30},"3":{"loc":{"start":{"line":33,"column":8},"end":{"line":33,"column":62}},"type":"if","locations":[{"start":{"line":33,"column":8},"end":{"line":33,"column":62}},{"start":{},"end":{}}],"line":33},"4":{"loc":{"start":{"line":34,"column":8},"end":{"line":35,"column":58}},"type":"if","locations":[{"start":{"line":34,"column":8},"end":{"line":35,"column":58}},{"start":{},"end":{}}],"line":34},"5":{"loc":{"start":{"line":36,"column":8},"end":{"line":37,"column":74}},"type":"if","locations":[{"start":{"line":36,"column":8},"end":{"line":37,"column":74}},{"start":{},"end":{}}],"line":36},"6":{"loc":{"start":{"line":46,"column":21},"end":{"line":46,"column":58}},"type":"cond-expr","locations":[{"start":{"line":46,"column":43},"end":{"line":46,"column":50}},{"start":{"line":46,"column":53},"end":{"line":46,"column":58}}],"line":46},"7":{"loc":{"start":{"line":54,"column":4},"end":{"line":59,"column":5}},"type":"if","locations":[{"start":{"line":54,"column":4},"end":{"line":59,"column":5}},{"start":{},"end":{}}],"line":54},"8":{"loc":{"start":{"line":85,"column":6},"end":{"line":91,"column":7}},"type":"if","locations":[{"start":{"line":85,"column":6},"end":{"line":91,"column":7}},{"start":{},"end":{}}],"line":85},"9":{"loc":{"start":{"line":87,"column":8},"end":{"line":90,"column":9}},"type":"if","locations":[{"start":{"line":87,"column":8},"end":{"line":90,"column":9}},{"start":{},"end":{}}],"line":87},"10":{"loc":{"start":{"line":107,"column":4},"end":{"line":109,"column":5}},"type":"if","locations":[{"start":{"line":107,"column":4},"end":{"line":109,"column":5}},{"start":{},"end":{}}],"line":107},"11":{"loc":{"start":{"line":115,"column":6},"end":{"line":117,"column":7}},"type":"if","locations":[{"start":{"line":115,"column":6},"end":{"line":117,"column":7}},{"start":{},"end":{}}],"line":115},"12":{"loc":{"start":{"line":122,"column":21},"end":{"line":122,"column":71}},"type":"binary-expr","locations":[{"start":{"line":122,"column":21},"end":{"line":122,"column":34}},{"start":{"line":122,"column":38},"end":{"line":122,"column":71}}],"line":122},"13":{"loc":{"start":{"line":134,"column":7},"end":{"line":138,"column":7}},"type":"binary-expr","locations":[{"start":{"line":134,"column":7},"end":{"line":134,"column":20}},{"start":{"line":135,"column":8},"end":{"line":137,"column":14}}],"line":134},"14":{"loc":{"start":{"line":140,"column":7},"end":{"line":144,"column":7}},"type":"binary-expr","locations":[{"start":{"line":140,"column":7},"end":{"line":140,"column":18}},{"start":{"line":141,"column":8},"end":{"line":143,"column":14}}],"line":140},"15":{"loc":{"start":{"line":159,"column":11},"end":{"line":163,"column":11}},"type":"binary-expr","locations":[{"start":{"line":159,"column":11},"end":{"line":159,"column":24}},{"start":{"line":159,"column":28},"end":{"line":159,"column":40}},{"start":{"line":160,"column":12},"end":{"line":162,"column":19}}],"line":159},"16":{"loc":{"start":{"line":178,"column":11},"end":{"line":185,"column":11}},"type":"binary-expr","locations":[{"start":{"line":178,"column":11},"end":{"line":178,"column":28}},{"start":{"line":179,"column":12},"end":{"line":184,"column":18}}],"line":178},"17":{"loc":{"start":{"line":186,"column":11},"end":{"line":190,"column":11}},"type":"binary-expr","locations":[{"start":{"line":186,"column":11},"end":{"line":186,"column":27}},{"start":{"line":186,"column":31},"end":{"line":186,"column":46}},{"start":{"line":187,"column":12},"end":{"line":189,"column":19}}],"line":186},"18":{"loc":{"start":{"line":212,"column":11},"end":{"line":212,"column":51}},"type":"cond-expr","locations":[{"start":{"line":212,"column":26},"end":{"line":212,"column":41}},{"start":{"line":212,"column":44},"end":{"line":212,"column":51}}],"line":212}},"s":{"0":23,"1":23,"2":23,"3":23,"4":23,"5":23,"6":23,"7":2,"8":1,"9":0,"10":1,"11":1,"12":0,"13":1,"14":0,"15":1,"16":1,"17":0,"18":0,"19":0,"20":0,"21":23,"22":18,"23":18,"24":18,"25":18,"26":18,"27":0,"28":0,"29":18,"30":18,"31":23,"32":2,"33":2,"34":2,"35":2,"36":2,"37":2,"38":23,"39":0,"40":0,"41":0,"42":0,"43":0,"44":0,"45":0,"46":0,"47":0,"48":0,"49":23,"50":0,"51":0,"52":0,"53":0,"54":0,"55":0,"56":0,"57":0,"58":0,"59":0,"60":0,"61":0,"62":0,"63":0,"64":23,"65":23},"f":{"0":23,"1":2,"2":18,"3":18,"4":0,"5":2,"6":2,"7":2,"8":0,"9":0,"10":0},"b":{"0":[1,1,0],"1":[0,1],"2":[1,0],"3":[0,1],"4":[1,0],"5":[0,0],"6":[0,18],"7":[0,18],"8":[0,0],"9":[0,0],"10":[0,0],"11":[0,0],"12":[0,0],"13":[23,0],"14":[23,0],"15":[23,1,1],"16":[23,6],"17":[23,1,1],"18":[0,23]},"_coverageSchema":"1a1c01bbd47fc00a2c39e90264f33305004495a9","hash":"dd658817f1b04866d948f682c22529e9011f01e3"}
,"/Users/nandanmuruli/Desktop/Usabality Testing/Project_3_React_Unit_Testing/ReactUnitTest-Template/src/components/RegistrationForm.jsx": {"path":"/Users/nandanmuruli/Desktop/Usabality Testing/Project_3_React_Unit_Testing/ReactUnitTest-Template/src/components/RegistrationForm.jsx","statementMap":{"0":{"start":{"line":15,"column":34},"end":{"line":22,"column":4}},"1":{"start":{"line":24,"column":30},"end":{"line":24,"column":42}},"2":{"start":{"line":25,"column":32},"end":{"line":25,"column":44}},"3":{"start":{"line":26,"column":42},"end":{"line":26,"column":57}},"4":{"start":{"line":27,"column":40},"end":{"line":27,"column":52}},"5":{"start":{"line":28,"column":44},"end":{"line":28,"column":59}},"6":{"start":{"line":30,"column":24},"end":{"line":70,"column":3}},"7":{"start":{"line":31,"column":4},"end":{"line":69,"column":5}},"8":{"start":{"line":33,"column":8},"end":{"line":33,"column":62}},"9":{"start":{"line":33,"column":32},"end":{"line":33,"column":62}},"10":{"start":{"line":34,"column":8},"end":{"line":35,"column":58}},"11":{"start":{"line":35,"column":10},"end":{"line":35,"column":58}},"12":{"start":{"line":36,"column":8},"end":{"line":37,"column":58}},"13":{"start":{"line":37,"column":10},"end":{"line":37,"column":58}},"14":{"start":{"line":38,"column":8},"end":{"line":39,"column":79}},"15":{"start":{"line":39,"column":10},"end":{"line":39,"column":79}},"16":{"start":{"line":40,"column":8},"end":{"line":40,"column":18}},"17":{"start":{"line":42,"column":8},"end":{"line":42,"column":59}},"18":{"start":{"line":42,"column":32},"end":{"line":42,"column":59}},"19":{"start":{"line":43,"column":8},"end":{"line":43,"column":70}},"20":{"start":{"line":43,"column":34},"end":{"line":43,"column":70}},"21":{"start":{"line":44,"column":8},"end":{"line":44,"column":18}},"22":{"start":{"line":46,"column":8},"end":{"line":46,"column":62}},"23":{"start":{"line":46,"column":32},"end":{"line":46,"column":62}},"24":{"start":{"line":47,"column":8},"end":{"line":48,"column":58}},"25":{"start":{"line":48,"column":10},"end":{"line":48,"column":58}},"26":{"start":{"line":49,"column":8},"end":{"line":51,"column":9}},"27":{"start":{"line":50,"column":10},"end":{"line":50,"column":93}},"28":{"start":{"line":52,"column":8},"end":{"line":52,"column":18}},"29":{"start":{"line":54,"column":8},"end":{"line":54,"column":70}},"30":{"start":{"line":54,"column":32},"end":{"line":54,"column":70}},"31":{"start":{"line":55,"column":8},"end":{"line":55,"column":73}},"32":{"start":{"line":55,"column":41},"end":{"line":55,"column":73}},"33":{"start":{"line":56,"column":8},"end":{"line":56,"column":18}},"34":{"start":{"line":58,"column":8},"end":{"line":58,"column":57}},"35":{"start":{"line":58,"column":32},"end":{"line":58,"column":57}},"36":{"start":{"line":59,"column":23},"end":{"line":59,"column":42}},"37":{"start":{"line":60,"column":8},"end":{"line":60,"column":57}},"38":{"start":{"line":60,"column":27},"end":{"line":60,"column":57}},"39":{"start":{"line":61,"column":8},"end":{"line":61,"column":68}},"40":{"start":{"line":61,"column":25},"end":{"line":61,"column":68}},"41":{"start":{"line":62,"column":8},"end":{"line":62,"column":60}},"42":{"start":{"line":62,"column":26},"end":{"line":62,"column":60}},"43":{"start":{"line":63,"column":8},"end":{"line":63,"column":18}},"44":{"start":{"line":65,"column":8},"end":{"line":65,"column":72}},"45":{"start":{"line":65,"column":20},"end":{"line":65,"column":72}},"46":{"start":{"line":66,"column":8},"end":{"line":66,"column":18}},"47":{"start":{"line":68,"column":8},"end":{"line":68,"column":18}},"48":{"start":{"line":72,"column":23},"end":{"line":106,"column":3}},"49":{"start":{"line":73,"column":43},"end":{"line":73,"column":51}},"50":{"start":{"line":74,"column":21},"end":{"line":74,"column":58}},"51":{"start":{"line":76,"column":4},"end":{"line":79,"column":8}},"52":{"start":{"line":76,"column":27},"end":{"line":79,"column":5}},"53":{"start":{"line":81,"column":4},"end":{"line":86,"column":5}},"54":{"start":{"line":82,"column":6},"end":{"line":85,"column":10}},"55":{"start":{"line":82,"column":27},"end":{"line":85,"column":7}},"56":{"start":{"line":89,"column":4},"end":{"line":102,"column":5}},"57":{"start":{"line":94,"column":27},"end":{"line":97,"column":7}},"58":{"start":{"line":98,"column":6},"end":{"line":101,"column":10}},"59":{"start":{"line":98,"column":27},"end":{"line":101,"column":7}},"60":{"start":{"line":104,"column":4},"end":{"line":104,"column":23}},"61":{"start":{"line":105,"column":4},"end":{"line":105,"column":28}},"62":{"start":{"line":108,"column":21},"end":{"line":122,"column":3}},"63":{"start":{"line":109,"column":43},"end":{"line":109,"column":51}},"64":{"start":{"line":110,"column":23},"end":{"line":110,"column":60}},"65":{"start":{"line":112,"column":4},"end":{"line":115,"column":8}},"66":{"start":{"line":112,"column":26},"end":{"line":115,"column":5}},"67":{"start":{"line":117,"column":18},"end":{"line":117,"column":49}},"68":{"start":{"line":118,"column":4},"end":{"line":121,"column":8}},"69":{"start":{"line":118,"column":25},"end":{"line":121,"column":5}},"70":{"start":{"line":124,"column":23},"end":{"line":141,"column":3}},"71":{"start":{"line":125,"column":22},"end":{"line":125,"column":24}},"72":{"start":{"line":126,"column":18},"end":{"line":126,"column":22}},"73":{"start":{"line":128,"column":4},"end":{"line":137,"column":7}},"74":{"start":{"line":129,"column":20},"end":{"line":132,"column":7}},"75":{"start":{"line":133,"column":6},"end":{"line":136,"column":7}},"76":{"start":{"line":134,"column":8},"end":{"line":134,"column":33}},"77":{"start":{"line":135,"column":8},"end":{"line":135,"column":24}},"78":{"start":{"line":139,"column":4},"end":{"line":139,"column":25}},"79":{"start":{"line":140,"column":4},"end":{"line":140,"column":19}},"80":{"start":{"line":143,"column":23},"end":{"line":179,"column":3}},"81":{"start":{"line":144,"column":4},"end":{"line":144,"column":23}},"82":{"start":{"line":147,"column":23},"end":{"line":150,"column":10}},"83":{"start":{"line":148,"column":6},"end":{"line":148,"column":22}},"84":{"start":{"line":149,"column":6},"end":{"line":149,"column":17}},"85":{"start":{"line":151,"column":4},"end":{"line":151,"column":27}},"86":{"start":{"line":153,"column":4},"end":{"line":155,"column":5}},"87":{"start":{"line":154,"column":6},"end":{"line":154,"column":13}},"88":{"start":{"line":157,"column":4},"end":{"line":157,"column":26}},"89":{"start":{"line":158,"column":4},"end":{"line":158,"column":23}},"90":{"start":{"line":160,"column":4},"end":{"line":178,"column":5}},"91":{"start":{"line":161,"column":6},"end":{"line":163,"column":7}},"92":{"start":{"line":162,"column":8},"end":{"line":162,"column":33}},"93":{"start":{"line":164,"column":6},"end":{"line":164,"column":29}},"94":{"start":{"line":165,"column":6},"end":{"line":172,"column":9}},"95":{"start":{"line":173,"column":6},"end":{"line":173,"column":21}},"96":{"start":{"line":175,"column":6},"end":{"line":175,"column":80}},"97":{"start":{"line":177,"column":6},"end":{"line":177,"column":29}},"98":{"start":{"line":181,"column":19},"end":{"line":181,"column":61}},"99":{"start":{"line":181,"column":30},"end":{"line":181,"column":61}},"100":{"start":{"line":183,"column":2},"end":{"line":326,"column":4}}},"fnMap":{"0":{"name":"RegistrationForm","decl":{"start":{"line":14,"column":9},"end":{"line":14,"column":25}},"loc":{"start":{"line":14,"column":40},"end":{"line":327,"column":1}},"line":14},"1":{"name":"(anonymous_1)","decl":{"start":{"line":30,"column":24},"end":{"line":30,"column":25}},"loc":{"start":{"line":30,"column":41},"end":{"line":70,"column":3}},"line":30},"2":{"name":"(anonymous_2)","decl":{"start":{"line":72,"column":23},"end":{"line":72,"column":24}},"loc":{"start":{"line":72,"column":30},"end":{"line":106,"column":3}},"line":72},"3":{"name":"(anonymous_3)","decl":{"start":{"line":76,"column":16},"end":{"line":76,"column":17}},"loc":{"start":{"line":76,"column":27},"end":{"line":79,"column":5}},"line":76},"4":{"name":"(anonymous_4)","decl":{"start":{"line":82,"column":16},"end":{"line":82,"column":17}},"loc":{"start":{"line":82,"column":27},"end":{"line":85,"column":7}},"line":82},"5":{"name":"(anonymous_5)","decl":{"start":{"line":98,"column":16},"end":{"line":98,"column":17}},"loc":{"start":{"line":98,"column":27},"end":{"line":101,"column":7}},"line":98},"6":{"name":"(anonymous_6)","decl":{"start":{"line":108,"column":21},"end":{"line":108,"column":22}},"loc":{"start":{"line":108,"column":28},"end":{"line":122,"column":3}},"line":108},"7":{"name":"(anonymous_7)","decl":{"start":{"line":112,"column":15},"end":{"line":112,"column":16}},"loc":{"start":{"line":112,"column":26},"end":{"line":115,"column":5}},"line":112},"8":{"name":"(anonymous_8)","decl":{"start":{"line":118,"column":14},"end":{"line":118,"column":15}},"loc":{"start":{"line":118,"column":25},"end":{"line":121,"column":5}},"line":118},"9":{"name":"(anonymous_9)","decl":{"start":{"line":124,"column":23},"end":{"line":124,"column":24}},"loc":{"start":{"line":124,"column":29},"end":{"line":141,"column":3}},"line":124},"10":{"name":"(anonymous_10)","decl":{"start":{"line":128,"column":34},"end":{"line":128,"column":35}},"loc":{"start":{"line":128,"column":45},"end":{"line":137,"column":5}},"line":128},"11":{"name":"(anonymous_11)","decl":{"start":{"line":143,"column":23},"end":{"line":143,"column":24}},"loc":{"start":{"line":143,"column":36},"end":{"line":179,"column":3}},"line":143},"12":{"name":"(anonymous_12)","decl":{"start":{"line":147,"column":52},"end":{"line":147,"column":53}},"loc":{"start":{"line":147,"column":66},"end":{"line":150,"column":5}},"line":147},"13":{"name":"(anonymous_13)","decl":{"start":{"line":181,"column":19},"end":{"line":181,"column":20}},"loc":{"start":{"line":181,"column":30},"end":{"line":181,"column":61}},"line":181}},"branchMap":{"0":{"loc":{"start":{"line":31,"column":4},"end":{"line":69,"column":5}},"type":"switch","locations":[{"start":{"line":32,"column":6},"end":{"line":40,"column":18}},{"start":{"line":41,"column":6},"end":{"line":44,"column":18}},{"start":{"line":45,"column":6},"end":{"line":52,"column":18}},{"start":{"line":53,"column":6},"end":{"line":56,"column":18}},{"start":{"line":57,"column":6},"end":{"line":63,"column":18}},{"start":{"line":64,"column":6},"end":{"line":66,"column":18}},{"start":{"line":67,"column":6},"end":{"line":68,"column":18}}],"line":31},"1":{"loc":{"start":{"line":33,"column":8},"end":{"line":33,"column":62}},"type":"if","locations":[{"start":{"line":33,"column":8},"end":{"line":33,"column":62}},{"start":{},"end":{}}],"line":33},"2":{"loc":{"start":{"line":34,"column":8},"end":{"line":35,"column":58}},"type":"if","locations":[{"start":{"line":34,"column":8},"end":{"line":35,"column":58}},{"start":{},"end":{}}],"line":34},"3":{"loc":{"start":{"line":36,"column":8},"end":{"line":37,"column":58}},"type":"if","locations":[{"start":{"line":36,"column":8},"end":{"line":37,"column":58}},{"start":{},"end":{}}],"line":36},"4":{"loc":{"start":{"line":38,"column":8},"end":{"line":39,"column":79}},"type":"if","locations":[{"start":{"line":38,"column":8},"end":{"line":39,"column":79}},{"start":{},"end":{}}],"line":38},"5":{"loc":{"start":{"line":42,"column":8},"end":{"line":42,"column":59}},"type":"if","locations":[{"start":{"line":42,"column":8},"end":{"line":42,"column":59}},{"start":{},"end":{}}],"line":42},"6":{"loc":{"start":{"line":43,"column":8},"end":{"line":43,"column":70}},"type":"if","locations":[{"start":{"line":43,"column":8},"end":{"line":43,"column":70}},{"start":{},"end":{}}],"line":43},"7":{"loc":{"start":{"line":46,"column":8},"end":{"line":46,"column":62}},"type":"if","locations":[{"start":{"line":46,"column":8},"end":{"line":46,"column":62}},{"start":{},"end":{}}],"line":46},"8":{"loc":{"start":{"line":47,"column":8},"end":{"line":48,"column":58}},"type":"if","locations":[{"start":{"line":47,"column":8},"end":{"line":48,"column":58}},{"start":{},"end":{}}],"line":47},"9":{"loc":{"start":{"line":49,"column":8},"end":{"line":51,"column":9}},"type":"if","locations":[{"start":{"line":49,"column":8},"end":{"line":51,"column":9}},{"start":{},"end":{}}],"line":49},"10":{"loc":{"start":{"line":54,"column":8},"end":{"line":54,"column":70}},"type":"if","locations":[{"start":{"line":54,"column":8},"end":{"line":54,"column":70}},{"start":{},"end":{}}],"line":54},"11":{"loc":{"start":{"line":55,"column":8},"end":{"line":55,"column":73}},"type":"if","locations":[{"start":{"line":55,"column":8},"end":{"line":55,"column":73}},{"start":{},"end":{}}],"line":55},"12":{"loc":{"start":{"line":58,"column":8},"end":{"line":58,"column":57}},"type":"if","locations":[{"start":{"line":58,"column":8},"end":{"line":58,"column":57}},{"start":{},"end":{}}],"line":58},"13":{"loc":{"start":{"line":60,"column":8},"end":{"line":60,"column":57}},"type":"if","locations":[{"start":{"line":60,"column":8},"end":{"line":60,"column":57}},{"start":{},"end":{}}],"line":60},"14":{"loc":{"start":{"line":61,"column":8},"end":{"line":61,"column":68}},"type":"if","locations":[{"start":{"line":61,"column":8},"end":{"line":61,"column":68}},{"start":{},"end":{}}],"line":61},"15":{"loc":{"start":{"line":62,"column":8},"end":{"line":62,"column":60}},"type":"if","locations":[{"start":{"line":62,"column":8},"end":{"line":62,"column":60}},{"start":{},"end":{}}],"line":62},"16":{"loc":{"start":{"line":65,"column":8},"end":{"line":65,"column":72}},"type":"if","locations":[{"start":{"line":65,"column":8},"end":{"line":65,"column":72}},{"start":{},"end":{}}],"line":65},"17":{"loc":{"start":{"line":74,"column":21},"end":{"line":74,"column":58}},"type":"cond-expr","locations":[{"start":{"line":74,"column":43},"end":{"line":74,"column":50}},{"start":{"line":74,"column":53},"end":{"line":74,"column":58}}],"line":74},"18":{"loc":{"start":{"line":81,"column":4},"end":{"line":86,"column":5}},"type":"if","locations":[{"start":{"line":81,"column":4},"end":{"line":86,"column":5}},{"start":{},"end":{}}],"line":81},"19":{"loc":{"start":{"line":89,"column":4},"end":{"line":102,"column":5}},"type":"if","locations":[{"start":{"line":89,"column":4},"end":{"line":102,"column":5}},{"start":{},"end":{}}],"line":89},"20":{"loc":{"start":{"line":90,"column":6},"end":{"line":92,"column":29}},"type":"binary-expr","locations":[{"start":{"line":90,"column":6},"end":{"line":90,"column":25}},{"start":{"line":91,"column":6},"end":{"line":91,"column":30}},{"start":{"line":92,"column":6},"end":{"line":92,"column":29}}],"line":90},"21":{"loc":{"start":{"line":110,"column":23},"end":{"line":110,"column":60}},"type":"cond-expr","locations":[{"start":{"line":110,"column":45},"end":{"line":110,"column":52}},{"start":{"line":110,"column":55},"end":{"line":110,"column":60}}],"line":110},"22":{"loc":{"start":{"line":131,"column":8},"end":{"line":131,"column":68}},"type":"cond-expr","locations":[{"start":{"line":131,"column":35},"end":{"line":131,"column":50}},{"start":{"line":131,"column":53},"end":{"line":131,"column":68}}],"line":131},"23":{"loc":{"start":{"line":133,"column":6},"end":{"line":136,"column":7}},"type":"if","locations":[{"start":{"line":133,"column":6},"end":{"line":136,"column":7}},{"start":{},"end":{}}],"line":133},"24":{"loc":{"start":{"line":153,"column":4},"end":{"line":155,"column":5}},"type":"if","locations":[{"start":{"line":153,"column":4},"end":{"line":155,"column":5}},{"start":{},"end":{}}],"line":153},"25":{"loc":{"start":{"line":161,"column":6},"end":{"line":163,"column":7}},"type":"if","locations":[{"start":{"line":161,"column":6},"end":{"line":163,"column":7}},{"start":{},"end":{}}],"line":161},"26":{"loc":{"start":{"line":175,"column":21},"end":{"line":175,"column":78}},"type":"binary-expr","locations":[{"start":{"line":175,"column":21},"end":{"line":175,"column":34}},{"start":{"line":175,"column":38},"end":{"line":175,"column":78}}],"line":175},"27":{"loc":{"start":{"line":181,"column":30},"end":{"line":181,"column":61}},"type":"binary-expr","locations":[{"start":{"line":181,"column":30},"end":{"line":181,"column":44}},{"start":{"line":181,"column":48},"end":{"line":181,"column":61}}],"line":181},"28":{"loc":{"start":{"line":187,"column":7},"end":{"line":191,"column":7}},"type":"binary-expr","locations":[{"start":{"line":187,"column":7},"end":{"line":187,"column":20}},{"start":{"line":188,"column":8},"end":{"line":190,"column":14}}],"line":187},"29":{"loc":{"start":{"line":193,"column":7},"end":{"line":197,"column":7}},"type":"binary-expr","locations":[{"start":{"line":193,"column":7},"end":{"line":193,"column":18}},{"start":{"line":194,"column":8},"end":{"line":196,"column":14}}],"line":193},"30":{"loc":{"start":{"line":212,"column":11},"end":{"line":216,"column":11}},"type":"binary-expr","locations":[{"start":{"line":212,"column":11},"end":{"line":212,"column":31}},{"start":{"line":213,"column":12},"end":{"line":215,"column":19}}],"line":212},"31":{"loc":{"start":{"line":231,"column":11},"end":{"line":235,"column":11}},"type":"binary-expr","locations":[{"start":{"line":231,"column":11},"end":{"line":231,"column":28}},{"start":{"line":232,"column":12},"end":{"line":234,"column":19}}],"line":231},"32":{"loc":{"start":{"line":250,"column":11},"end":{"line":254,"column":11}},"type":"binary-expr","locations":[{"start":{"line":250,"column":11},"end":{"line":250,"column":31}},{"start":{"line":251,"column":12},"end":{"line":253,"column":19}}],"line":250},"33":{"loc":{"start":{"line":269,"column":11},"end":{"line":273,"column":11}},"type":"binary-expr","locations":[{"start":{"line":269,"column":11},"end":{"line":269,"column":38}},{"start":{"line":270,"column":12},"end":{"line":272,"column":19}}],"line":269},"34":{"loc":{"start":{"line":290,"column":11},"end":{"line":294,"column":11}},"type":"binary-expr","locations":[{"start":{"line":290,"column":11},"end":{"line":290,"column":26}},{"start":{"line":291,"column":12},"end":{"line":293,"column":19}}],"line":290},"35":{"loc":{"start":{"line":310,"column":11},"end":{"line":314,"column":11}},"type":"binary-expr","locations":[{"start":{"line":310,"column":11},"end":{"line":310,"column":35}},{"start":{"line":311,"column":12},"end":{"line":313,"column":19}}],"line":310},"36":{"loc":{"start":{"line":322,"column":11},"end":{"line":322,"column":66}},"type":"cond-expr","locations":[{"start":{"line":322,"column":26},"end":{"line":322,"column":47}},{"start":{"line":322,"column":50},"end":{"line":322,"column":66}}],"line":322}},"s":{"0":0,"1":0,"2":0,"3":0,"4":0,"5":0,"6":0,"7":0,"8":0,"9":0,"10":0,"11":0,"12":0,"13":0,"14":0,"15":0,"16":0,"17":0,"18":0,"19":0,"20":0,"21":0,"22":0,"23":0,"24":0,"25":0,"26":0,"27":0,"28":0,"29":0,"30":0,"31":0,"32":0,"33":0,"34":0,"35":0,"36":0,"37":0,"38":0,"39":0,"40":0,"41":0,"42":0,"43":0,"44":0,"45":0,"46":0,"47":0,"48":0,"49":0,"50":0,"51":0,"52":0,"53":0,"54":0,"55":0,"56":0,"57":0,"58":0,"59":0,"60":0,"61":0,"62":0,"63":0,"64":0,"65":0,"66":0,"67":0,"68":0,"69":0,"70":0,"71":0,"72":0,"73":0,"74":0,"75":0,"76":0,"77":0,"78":0,"79":0,"80":0,"81":0,"82":0,"83":0,"84":0,"85":0,"86":0,"87":0,"88":0,"89":0,"90":0,"91":0,"92":0,"93":0,"94":0,"95":0,"96":0,"97":0,"98":0,"99":0,"100":0},"f":{"0":0,"1":0,"2":0,"3":0,"4":0,"5":0,"6":0,"7":0,"8":0,"9":0,"10":0,"11":0,"12":0,"13":0},"b":{"0":[0,0,0,0,0,0,0],"1":[0,0],"2":[0,0],"3":[0,0],"4":[0,0],"5":[0,0],"6":[0,0],"7":[0,0],"8":[0,0],"9":[0,0],"10":[0,0],"11":[0,0],"12":[0,0],"13":[0,0],"14":[0,0],"15":[0,0],"16":[0,0],"17":[0,0],"18":[0,0],"19":[0,0],"20":[0,0,0],"21":[0,0],"22":[0,0],"23":[0,0],"24":[0,0],"25":[0,0],"26":[0,0],"27":[0,0],"28":[0,0],"29":[0,0],"30":[0,0],"31":[0,0],"32":[0,0],"33":[0,0],"34":[0,0],"35":[0,0],"36":[0,0]}}
,"/Users/nandanmuruli/Desktop/Usabality Testing/Project_3_React_Unit_Testing/ReactUnitTest-Template/src/components/ShoppingCart.jsx": {"path":"/Users/nandanmuruli/Desktop/Usabality Testing/Project_3_React_Unit_Testing/ReactUnitTest-Template/src/components/ShoppingCart.jsx","statementMap":{"0":{"start":{"line":7,"column":28},"end":{"line":7,"column":40}},"1":{"start":{"line":8,"column":40},"end":{"line":8,"column":52}},"2":{"start":{"line":9,"column":42},"end":{"line":9,"column":54}},"3":{"start":{"line":10,"column":28},"end":{"line":10,"column":40}},"4":{"start":{"line":12,"column":18},"end":{"line":51,"column":3}},"5":{"start":{"line":13,"column":4},"end":{"line":13,"column":23}},"6":{"start":{"line":14,"column":4},"end":{"line":14,"column":17}},"7":{"start":{"line":16,"column":4},"end":{"line":19,"column":5}},"8":{"start":{"line":17,"column":6},"end":{"line":17,"column":43}},"9":{"start":{"line":18,"column":6},"end":{"line":18,"column":13}},"10":{"start":{"line":21,"column":18},"end":{"line":21,"column":42}},"11":{"start":{"line":22,"column":4},"end":{"line":25,"column":5}},"12":{"start":{"line":23,"column":6},"end":{"line":23,"column":50}},"13":{"start":{"line":24,"column":6},"end":{"line":24,"column":13}},"14":{"start":{"line":27,"column":25},"end":{"line":29,"column":5}},"15":{"start":{"line":28,"column":16},"end":{"line":28,"column":76}},"16":{"start":{"line":31,"column":4},"end":{"line":47,"column":5}},"17":{"start":{"line":32,"column":6},"end":{"line":38,"column":8}},"18":{"start":{"line":34,"column":10},"end":{"line":36,"column":18}},"19":{"start":{"line":40,"column":22},"end":{"line":45,"column":7}},"20":{"start":{"line":46,"column":6},"end":{"line":46,"column":36}},"21":{"start":{"line":49,"column":4},"end":{"line":49,"column":23}},"22":{"start":{"line":50,"column":4},"end":{"line":50,"column":24}},"23":{"start":{"line":53,"column":21},"end":{"line":55,"column":3}},"24":{"start":{"line":54,"column":4},"end":{"line":54,"column":53}},"25":{"start":{"line":54,"column":36},"end":{"line":54,"column":50}},"26":{"start":{"line":57,"column":25},"end":{"line":69,"column":3}},"27":{"start":{"line":58,"column":4},"end":{"line":68,"column":6}},"28":{"start":{"line":61,"column":10},"end":{"line":64,"column":11}},"29":{"start":{"line":62,"column":32},"end":{"line":62,"column":54}},"30":{"start":{"line":63,"column":12},"end":{"line":63,"column":79}},"31":{"start":{"line":65,"column":10},"end":{"line":65,"column":22}},"32":{"start":{"line":71,"column":20},"end":{"line":73,"column":3}},"33":{"start":{"line":72,"column":4},"end":{"line":72,"column":17}},"34":{"start":{"line":75,"column":21},"end":{"line":75,"column":72}},"35":{"start":{"line":75,"column":49},"end":{"line":75,"column":68}},"36":{"start":{"line":76,"column":19},"end":{"line":79,"column":3}},"37":{"start":{"line":77,"column":19},"end":{"line":77,"column":51}},"38":{"start":{"line":80,"column":14},"end":{"line":80,"column":28}},"39":{"start":{"line":81,"column":16},"end":{"line":81,"column":30}},"40":{"start":{"line":83,"column":2},"end":{"line":184,"column":4}},"41":{"start":{"line":92,"column":29},"end":{"line":92,"column":59}},"42":{"start":{"line":99,"column":29},"end":{"line":99,"column":60}},"43":{"start":{"line":122,"column":14},"end":{"line":165,"column":19}},"44":{"start":{"line":137,"column":35},"end":{"line":137,"column":62}},"45":{"start":{"line":146,"column":35},"end":{"line":146,"column":61}},"46":{"start":{"line":159,"column":33},"end":{"line":159,"column":52}}},"fnMap":{"0":{"name":"ShoppingCart","decl":{"start":{"line":6,"column":9},"end":{"line":6,"column":21}},"loc":{"start":{"line":6,"column":24},"end":{"line":185,"column":1}},"line":6},"1":{"name":"(anonymous_1)","decl":{"start":{"line":12,"column":18},"end":{"line":12,"column":19}},"loc":{"start":{"line":12,"column":25},"end":{"line":51,"column":3}},"line":12},"2":{"name":"(anonymous_2)","decl":{"start":{"line":28,"column":6},"end":{"line":28,"column":7}},"loc":{"start":{"line":28,"column":16},"end":{"line":28,"column":76}},"line":28},"3":{"name":"(anonymous_3)","decl":{"start":{"line":33,"column":18},"end":{"line":33,"column":19}},"loc":{"start":{"line":34,"column":10},"end":{"line":36,"column":18}},"line":34},"4":{"name":"(anonymous_4)","decl":{"start":{"line":53,"column":21},"end":{"line":53,"column":22}},"loc":{"start":{"line":53,"column":29},"end":{"line":55,"column":3}},"line":53},"5":{"name":"(anonymous_5)","decl":{"start":{"line":54,"column":26},"end":{"line":54,"column":27}},"loc":{"start":{"line":54,"column":36},"end":{"line":54,"column":50}},"line":54},"6":{"name":"(anonymous_6)","decl":{"start":{"line":57,"column":25},"end":{"line":57,"column":26}},"loc":{"start":{"line":57,"column":41},"end":{"line":69,"column":3}},"line":57},"7":{"name":"(anonymous_7)","decl":{"start":{"line":60,"column":13},"end":{"line":60,"column":14}},"loc":{"start":{"line":60,"column":23},"end":{"line":66,"column":9}},"line":60},"8":{"name":"(anonymous_8)","decl":{"start":{"line":71,"column":20},"end":{"line":71,"column":21}},"loc":{"start":{"line":71,"column":26},"end":{"line":73,"column":3}},"line":71},"9":{"name":"(anonymous_9)","decl":{"start":{"line":75,"column":34},"end":{"line":75,"column":35}},"loc":{"start":{"line":75,"column":49},"end":{"line":75,"column":68}},"line":75},"10":{"name":"(anonymous_10)","decl":{"start":{"line":77,"column":4},"end":{"line":77,"column":5}},"loc":{"start":{"line":77,"column":19},"end":{"line":77,"column":51}},"line":77},"11":{"name":"(anonymous_11)","decl":{"start":{"line":92,"column":22},"end":{"line":92,"column":23}},"loc":{"start":{"line":92,"column":29},"end":{"line":92,"column":59}},"line":92},"12":{"name":"(anonymous_12)","decl":{"start":{"line":99,"column":22},"end":{"line":99,"column":23}},"loc":{"start":{"line":99,"column":29},"end":{"line":99,"column":60}},"line":99},"13":{"name":"(anonymous_13)","decl":{"start":{"line":121,"column":23},"end":{"line":121,"column":24}},"loc":{"start":{"line":122,"column":14},"end":{"line":165,"column":19}},"line":122},"14":{"name":"(anonymous_14)","decl":{"start":{"line":137,"column":29},"end":{"line":137,"column":30}},"loc":{"start":{"line":137,"column":35},"end":{"line":137,"column":62}},"line":137},"15":{"name":"(anonymous_15)","decl":{"start":{"line":146,"column":29},"end":{"line":146,"column":30}},"loc":{"start":{"line":146,"column":35},"end":{"line":146,"column":61}},"line":146},"16":{"name":"(anonymous_16)","decl":{"start":{"line":159,"column":27},"end":{"line":159,"column":28}},"loc":{"start":{"line":159,"column":33},"end":{"line":159,"column":52}},"line":159}},"branchMap":{"0":{"loc":{"start":{"line":16,"column":4},"end":{"line":19,"column":5}},"type":"if","locations":[{"start":{"line":16,"column":4},"end":{"line":19,"column":5}},{"start":{},"end":{}}],"line":16},"1":{"loc":{"start":{"line":22,"column":4},"end":{"line":25,"column":5}},"type":"if","locations":[{"start":{"line":22,"column":4},"end":{"line":25,"column":5}},{"start":{},"end":{}}],"line":22},"2":{"loc":{"start":{"line":22,"column":8},"end":{"line":22,"column":34}},"type":"binary-expr","locations":[{"start":{"line":22,"column":8},"end":{"line":22,"column":20}},{"start":{"line":22,"column":24},"end":{"line":22,"column":34}}],"line":22},"3":{"loc":{"start":{"line":31,"column":4},"end":{"line":47,"column":5}},"type":"if","locations":[{"start":{"line":31,"column":4},"end":{"line":47,"column":5}},{"start":{"line":39,"column":11},"end":{"line":47,"column":5}}],"line":31},"4":{"loc":{"start":{"line":34,"column":10},"end":{"line":36,"column":18}},"type":"cond-expr","locations":[{"start":{"line":35,"column":14},"end":{"line":35,"column":54}},{"start":{"line":36,"column":14},"end":{"line":36,"column":18}}],"line":34},"5":{"loc":{"start":{"line":61,"column":10},"end":{"line":64,"column":11}},"type":"if","locations":[{"start":{"line":61,"column":10},"end":{"line":64,"column":11}},{"start":{},"end":{}}],"line":61},"6":{"loc":{"start":{"line":63,"column":19},"end":{"line":63,"column":78}},"type":"cond-expr","locations":[{"start":{"line":63,"column":37},"end":{"line":63,"column":71}},{"start":{"line":63,"column":74},"end":{"line":63,"column":78}}],"line":63},"7":{"loc":{"start":{"line":109,"column":9},"end":{"line":113,"column":9}},"type":"binary-expr","locations":[{"start":{"line":109,"column":9},"end":{"line":109,"column":14}},{"start":{"line":110,"column":10},"end":{"line":112,"column":16}}],"line":109},"8":{"loc":{"start":{"line":116,"column":7},"end":{"line":182,"column":7}},"type":"cond-expr","locations":[{"start":{"line":117,"column":8},"end":{"line":117,"column":59}},{"start":{"line":119,"column":8},"end":{"line":181,"column":11}}],"line":116}},"s":{"0":0,"1":0,"2":0,"3":0,"4":0,"5":0,"6":0,"7":0,"8":0,"9":0,"10":0,"11":0,"12":0,"13":0,"14":0,"15":0,"16":0,"17":0,"18":0,"19":0,"20":0,"21":0,"22":0,"23":0,"24":0,"25":0,"26":0,"27":0,"28":0,"29":0,"30":0,"31":0,"32":0,"33":0,"34":0,"35":0,"36":0,"37":0,"38":0,"39":0,"40":0,"41":0,"42":0,"43":0,"44":0,"45":0,"46":0},"f":{"0":0,"1":0,"2":0,"3":0,"4":0,"5":0,"6":0,"7":0,"8":0,"9":0,"10":0,"11":0,"12":0,"13":0,"14":0,"15":0,"16":0},"b":{"0":[0,0],"1":[0,0],"2":[0,0],"3":[0,0],"4":[0,0],"5":[0,0],"6":[0,0],"7":[0,0],"8":[0,0]}}
,"/Users/nandanmuruli/Desktop/Usabality Testing/Project_3_React_Unit_Testing/ReactUnitTest-Template/src/components/TodoList.jsx": {"path":"/Users/nandanmuruli/Desktop/Usabality Testing/Project_3_React_Unit_Testing/ReactUnitTest-Template/src/components/TodoList.jsx","statementMap":{"0":{"start":{"line":7,"column":28},"end":{"line":7,"column":40}},"1":{"start":{"line":8,"column":38},"end":{"line":8,"column":50}},"2":{"start":{"line":9,"column":30},"end":{"line":9,"column":45}},"3":{"start":{"line":10,"column":36},"end":{"line":10,"column":50}},"4":{"start":{"line":11,"column":34},"end":{"line":11,"column":46}},"5":{"start":{"line":13,"column":18},"end":{"line":26,"column":3}},"6":{"start":{"line":14,"column":4},"end":{"line":14,"column":23}},"7":{"start":{"line":15,"column":4},"end":{"line":15,"column":41}},"8":{"start":{"line":15,"column":34},"end":{"line":15,"column":41}},"9":{"start":{"line":17,"column":20},"end":{"line":22,"column":5}},"10":{"start":{"line":24,"column":4},"end":{"line":24,"column":34}},"11":{"start":{"line":25,"column":4},"end":{"line":25,"column":22}},"12":{"start":{"line":28,"column":21},"end":{"line":30,"column":3}},"13":{"start":{"line":29,"column":4},"end":{"line":29,"column":53}},"14":{"start":{"line":29,"column":36},"end":{"line":29,"column":50}},"15":{"start":{"line":32,"column":21},"end":{"line":38,"column":3}},"16":{"start":{"line":33,"column":4},"end":{"line":37,"column":6}},"17":{"start":{"line":35,"column":8},"end":{"line":35,"column":71}},"18":{"start":{"line":40,"column":23},"end":{"line":43,"column":3}},"19":{"start":{"line":41,"column":4},"end":{"line":41,"column":21}},"20":{"start":{"line":42,"column":4},"end":{"line":42,"column":22}},"21":{"start":{"line":45,"column":19},"end":{"line":57,"column":3}},"22":{"start":{"line":46,"column":4},"end":{"line":54,"column":5}},"23":{"start":{"line":47,"column":6},"end":{"line":47,"column":21}},"24":{"start":{"line":49,"column":6},"end":{"line":53,"column":8}},"25":{"start":{"line":51,"column":10},"end":{"line":51,"column":68}},"26":{"start":{"line":55,"column":4},"end":{"line":55,"column":23}},"27":{"start":{"line":56,"column":4},"end":{"line":56,"column":20}},"28":{"start":{"line":59,"column":21},"end":{"line":62,"column":3}},"29":{"start":{"line":60,"column":4},"end":{"line":60,"column":23}},"30":{"start":{"line":61,"column":4},"end":{"line":61,"column":20}},"31":{"start":{"line":64,"column":25},"end":{"line":66,"column":3}},"32":{"start":{"line":65,"column":4},"end":{"line":65,"column":54}},"33":{"start":{"line":65,"column":36},"end":{"line":65,"column":51}},"34":{"start":{"line":68,"column":20},"end":{"line":71,"column":3}},"35":{"start":{"line":69,"column":25},"end":{"line":69,"column":62}},"36":{"start":{"line":69,"column":47},"end":{"line":69,"column":61}},"37":{"start":{"line":70,"column":4},"end":{"line":70,"column":75}},"38":{"start":{"line":70,"column":34},"end":{"line":70,"column":71}},"39":{"start":{"line":73,"column":24},"end":{"line":77,"column":4}},"40":{"start":{"line":74,"column":4},"end":{"line":74,"column":52}},"41":{"start":{"line":74,"column":29},"end":{"line":74,"column":52}},"42":{"start":{"line":75,"column":4},"end":{"line":75,"column":54}},"43":{"start":{"line":75,"column":32},"end":{"line":75,"column":54}},"44":{"start":{"line":76,"column":4},"end":{"line":76,"column":16}},"45":{"start":{"line":79,"column":26},"end":{"line":79,"column":72}},"46":{"start":{"line":79,"column":49},"end":{"line":79,"column":64}},"47":{"start":{"line":80,"column":29},"end":{"line":80,"column":74}},"48":{"start":{"line":80,"column":52},"end":{"line":80,"column":66}},"49":{"start":{"line":82,"column":2},"end":{"line":202,"column":4}},"50":{"start":{"line":90,"column":27},"end":{"line":90,"column":56}},"51":{"start":{"line":103,"column":37},"end":{"line":103,"column":51}},"52":{"start":{"line":109,"column":31},"end":{"line":109,"column":47}},"53":{"start":{"line":116,"column":31},"end":{"line":116,"column":50}},"54":{"start":{"line":123,"column":31},"end":{"line":123,"column":53}},"55":{"start":{"line":142,"column":14},"end":{"line":192,"column":19}},"56":{"start":{"line":152,"column":39},"end":{"line":152,"column":66}},"57":{"start":{"line":154,"column":24},"end":{"line":154,"column":65}},"58":{"start":{"line":154,"column":47},"end":{"line":154,"column":65}},"59":{"start":{"line":155,"column":24},"end":{"line":155,"column":61}},"60":{"start":{"line":155,"column":48},"end":{"line":155,"column":61}},"61":{"start":{"line":161,"column":37},"end":{"line":161,"column":54}},"62":{"start":{"line":175,"column":38},"end":{"line":175,"column":57}},"63":{"start":{"line":179,"column":43},"end":{"line":179,"column":75}},"64":{"start":{"line":185,"column":37},"end":{"line":185,"column":56}}},"fnMap":{"0":{"name":"TodoList","decl":{"start":{"line":6,"column":9},"end":{"line":6,"column":17}},"loc":{"start":{"line":6,"column":20},"end":{"line":203,"column":1}},"line":6},"1":{"name":"(anonymous_1)","decl":{"start":{"line":13,"column":18},"end":{"line":13,"column":19}},"loc":{"start":{"line":13,"column":25},"end":{"line":26,"column":3}},"line":13},"2":{"name":"(anonymous_2)","decl":{"start":{"line":28,"column":21},"end":{"line":28,"column":22}},"loc":{"start":{"line":28,"column":29},"end":{"line":30,"column":3}},"line":28},"3":{"name":"(anonymous_3)","decl":{"start":{"line":29,"column":26},"end":{"line":29,"column":27}},"loc":{"start":{"line":29,"column":36},"end":{"line":29,"column":50}},"line":29},"4":{"name":"(anonymous_4)","decl":{"start":{"line":32,"column":21},"end":{"line":32,"column":22}},"loc":{"start":{"line":32,"column":29},"end":{"line":38,"column":3}},"line":32},"5":{"name":"(anonymous_5)","decl":{"start":{"line":34,"column":16},"end":{"line":34,"column":17}},"loc":{"start":{"line":35,"column":8},"end":{"line":35,"column":71}},"line":35},"6":{"name":"(anonymous_6)","decl":{"start":{"line":40,"column":23},"end":{"line":40,"column":24}},"loc":{"start":{"line":40,"column":37},"end":{"line":43,"column":3}},"line":40},"7":{"name":"(anonymous_7)","decl":{"start":{"line":45,"column":19},"end":{"line":45,"column":20}},"loc":{"start":{"line":45,"column":27},"end":{"line":57,"column":3}},"line":45},"8":{"name":"(anonymous_8)","decl":{"start":{"line":50,"column":18},"end":{"line":50,"column":19}},"loc":{"start":{"line":51,"column":10},"end":{"line":51,"column":68}},"line":51},"9":{"name":"(anonymous_9)","decl":{"start":{"line":59,"column":21},"end":{"line":59,"column":22}},"loc":{"start":{"line":59,"column":27},"end":{"line":62,"column":3}},"line":59},"10":{"name":"(anonymous_10)","decl":{"start":{"line":64,"column":25},"end":{"line":64,"column":26}},"loc":{"start":{"line":64,"column":31},"end":{"line":66,"column":3}},"line":64},"11":{"name":"(anonymous_11)","decl":{"start":{"line":65,"column":26},"end":{"line":65,"column":27}},"loc":{"start":{"line":65,"column":36},"end":{"line":65,"column":51}},"line":65},"12":{"name":"(anonymous_12)","decl":{"start":{"line":68,"column":20},"end":{"line":68,"column":21}},"loc":{"start":{"line":68,"column":26},"end":{"line":71,"column":3}},"line":68},"13":{"name":"(anonymous_13)","decl":{"start":{"line":69,"column":37},"end":{"line":69,"column":38}},"loc":{"start":{"line":69,"column":47},"end":{"line":69,"column":61}},"line":69},"14":{"name":"(anonymous_14)","decl":{"start":{"line":70,"column":23},"end":{"line":70,"column":24}},"loc":{"start":{"line":70,"column":34},"end":{"line":70,"column":71}},"line":70},"15":{"name":"(anonymous_15)","decl":{"start":{"line":73,"column":37},"end":{"line":73,"column":38}},"loc":{"start":{"line":73,"column":47},"end":{"line":77,"column":3}},"line":73},"16":{"name":"(anonymous_16)","decl":{"start":{"line":79,"column":39},"end":{"line":79,"column":40}},"loc":{"start":{"line":79,"column":49},"end":{"line":79,"column":64}},"line":79},"17":{"name":"(anonymous_17)","decl":{"start":{"line":80,"column":42},"end":{"line":80,"column":43}},"loc":{"start":{"line":80,"column":52},"end":{"line":80,"column":66}},"line":80},"18":{"name":"(anonymous_18)","decl":{"start":{"line":90,"column":20},"end":{"line":90,"column":21}},"loc":{"start":{"line":90,"column":27},"end":{"line":90,"column":56}},"line":90},"19":{"name":"(anonymous_19)","decl":{"start":{"line":103,"column":27},"end":{"line":103,"column":28}},"loc":{"start":{"line":103,"column":37},"end":{"line":103,"column":51}},"line":103},"20":{"name":"(anonymous_20)","decl":{"start":{"line":109,"column":25},"end":{"line":109,"column":26}},"loc":{"start":{"line":109,"column":31},"end":{"line":109,"column":47}},"line":109},"21":{"name":"(anonymous_21)","decl":{"start":{"line":116,"column":25},"end":{"line":116,"column":26}},"loc":{"start":{"line":116,"column":31},"end":{"line":116,"column":50}},"line":116},"22":{"name":"(anonymous_22)","decl":{"start":{"line":123,"column":25},"end":{"line":123,"column":26}},"loc":{"start":{"line":123,"column":31},"end":{"line":123,"column":53}},"line":123},"23":{"name":"(anonymous_23)","decl":{"start":{"line":141,"column":31},"end":{"line":141,"column":32}},"loc":{"start":{"line":142,"column":14},"end":{"line":192,"column":19}},"line":142},"24":{"name":"(anonymous_24)","decl":{"start":{"line":152,"column":32},"end":{"line":152,"column":33}},"loc":{"start":{"line":152,"column":39},"end":{"line":152,"column":66}},"line":152},"25":{"name":"(anonymous_25)","decl":{"start":{"line":153,"column":33},"end":{"line":153,"column":34}},"loc":{"start":{"line":153,"column":40},"end":{"line":156,"column":23}},"line":153},"26":{"name":"(anonymous_26)","decl":{"start":{"line":161,"column":31},"end":{"line":161,"column":32}},"loc":{"start":{"line":161,"column":37},"end":{"line":161,"column":54}},"line":161},"27":{"name":"(anonymous_27)","decl":{"start":{"line":175,"column":32},"end":{"line":175,"column":33}},"loc":{"start":{"line":175,"column":38},"end":{"line":175,"column":57}},"line":175},"28":{"name":"(anonymous_28)","decl":{"start":{"line":179,"column":37},"end":{"line":179,"column":38}},"loc":{"start":{"line":179,"column":43},"end":{"line":179,"column":75}},"line":179},"29":{"name":"(anonymous_29)","decl":{"start":{"line":185,"column":31},"end":{"line":185,"column":32}},"loc":{"start":{"line":185,"column":37},"end":{"line":185,"column":56}},"line":185}},"branchMap":{"0":{"loc":{"start":{"line":15,"column":4},"end":{"line":15,"column":41}},"type":"if","locations":[{"start":{"line":15,"column":4},"end":{"line":15,"column":41}},{"start":{},"end":{}}],"line":15},"1":{"loc":{"start":{"line":35,"column":8},"end":{"line":35,"column":71}},"type":"cond-expr","locations":[{"start":{"line":35,"column":25},"end":{"line":35,"column":64}},{"start":{"line":35,"column":67},"end":{"line":35,"column":71}}],"line":35},"2":{"loc":{"start":{"line":46,"column":4},"end":{"line":54,"column":5}},"type":"if","locations":[{"start":{"line":46,"column":4},"end":{"line":54,"column":5}},{"start":{"line":48,"column":11},"end":{"line":54,"column":5}}],"line":46},"3":{"loc":{"start":{"line":51,"column":10},"end":{"line":51,"column":68}},"type":"cond-expr","locations":[{"start":{"line":51,"column":27},"end":{"line":51,"column":61}},{"start":{"line":51,"column":64},"end":{"line":51,"column":68}}],"line":51},"4":{"loc":{"start":{"line":74,"column":4},"end":{"line":74,"column":52}},"type":"if","locations":[{"start":{"line":74,"column":4},"end":{"line":74,"column":52}},{"start":{},"end":{}}],"line":74},"5":{"loc":{"start":{"line":75,"column":4},"end":{"line":75,"column":54}},"type":"if","locations":[{"start":{"line":75,"column":4},"end":{"line":75,"column":54}},{"start":{},"end":{}}],"line":75},"6":{"loc":{"start":{"line":99,"column":7}
[...]
"line":33,"column":35},"end":{"line":33,"column":36}},"loc":{"start":{"line":33,"column":49},"end":{"line":48,"column":1}},"line":33},"3":{"name":"(anonymous_3)","decl":{"start":{"line":51,"column":28},"end":{"line":51,"column":29}},"loc":{"start":{"line":51,"column":39},"end":{"line":55,"column":1}},"line":51},"4":{"name":"(anonymous_4)","decl":{"start":{"line":58,"column":26},"end":{"line":58,"column":27}},"loc":{"start":{"line":58,"column":35},"end":{"line":66,"column":1}},"line":58},"5":{"name":"(anonymous_5)","decl":{"start":{"line":69,"column":33},"end":{"line":69,"column":34}},"loc":{"start":{"line":69,"column":49},"end":{"line":91,"column":1}},"line":69},"6":{"name":"(anonymous_6)","decl":{"start":{"line":94,"column":27},"end":{"line":94,"column":28}},"loc":{"start":{"line":94,"column":43},"end":{"line":98,"column":1}},"line":94},"7":{"name":"(anonymous_7)","decl":{"start":{"line":100,"column":28},"end":{"line":100,"column":29}},"loc":{"start":{"line":100,"column":44},"end":{"line":103,"column":1}},"line":100},"8":{"name":"(anonymous_8)","decl":{"start":{"line":105,"column":30},"end":{"line":105,"column":31}},"loc":{"start":{"line":105,"column":46},"end":{"line":108,"column":1}},"line":105},"9":{"name":"(anonymous_9)","decl":{"start":{"line":110,"column":23},"end":{"line":110,"column":24}},"loc":{"start":{"line":110,"column":51},"end":{"line":123,"column":1}},"line":110},"10":{"name":"(anonymous_10)","decl":{"start":{"line":126,"column":26},"end":{"line":126,"column":27}},"loc":{"start":{"line":126,"column":37},"end":{"line":130,"column":1}},"line":126},"11":{"name":"(anonymous_11)","decl":{"start":{"line":133,"column":28},"end":{"line":133,"column":29}},"loc":{"start":{"line":133,"column":50},"end":{"line":136,"column":1}},"line":133},"12":{"name":"(anonymous_12)","decl":{"start":{"line":138,"column":28},"end":{"line":138,"column":29}},"loc":{"start":{"line":138,"column":50},"end":{"line":141,"column":1}},"line":138},"13":{"name":"(anonymous_13)","decl":{"start":{"line":143,"column":31},"end":{"line":143,"column":32}},"loc":{"start":{"line":143,"column":64},"end":{"line":145,"column":1}},"line":143},"14":{"name":"(anonymous_14)","decl":{"start":{"line":148,"column":24},"end":{"line":148,"column":25}},"loc":{"start":{"line":148,"column":35},"end":{"line":150,"column":1}},"line":148},"15":{"name":"(anonymous_15)","decl":{"start":{"line":152,"column":32},"end":{"line":152,"column":33}},"loc":{"start":{"line":152,"column":43},"end":{"line":154,"column":1}},"line":152},"16":{"name":"(anonymous_16)","decl":{"start":{"line":156,"column":32},"end":{"line":156,"column":33}},"loc":{"start":{"line":156,"column":43},"end":{"line":158,"column":1}},"line":156},"17":{"name":"(anonymous_17)","decl":{"start":{"line":160,"column":25},"end":{"line":160,"column":26}},"loc":{"start":{"line":160,"column":36},"end":{"line":162,"column":1}},"line":160},"18":{"name":"(anonymous_18)","decl":{"start":{"line":164,"column":31},"end":{"line":164,"column":32}},"loc":{"start":{"line":164,"column":52},"end":{"line":166,"column":1}},"line":164},"19":{"name":"(anonymous_19)","decl":{"start":{"line":169,"column":31},"end":{"line":169,"column":32}},"loc":{"start":{"line":169,"column":59},"end":{"line":193,"column":1}},"line":169},"20":{"name":"(anonymous_20)","decl":{"start":{"line":196,"column":33},"end":{"line":196,"column":34}},"loc":{"start":{"line":196,"column":59},"end":{"line":208,"column":1}},"line":196},"21":{"name":"(anonymous_21)","decl":{"start":{"line":211,"column":28},"end":{"line":211,"column":29}},"loc":{"start":{"line":211,"column":47},"end":{"line":231,"column":1}},"line":211},"22":{"name":"(anonymous_22)","decl":{"start":{"line":214,"column":29},"end":{"line":214,"column":30}},"loc":{"start":{"line":214,"column":40},"end":{"line":225,"column":3}},"line":214}},"branchMap":{"0":{"loc":{"start":{"line":8,"column":2},"end":{"line":8,"column":46}},"type":"if","locations":[{"start":{"line":8,"column":2},"end":{"line":8,"column":46}},{"start":{},"end":{}}],"line":8},"1":{"loc":{"start":{"line":14,"column":42},"end":{"line":14,"column":54}},"type":"default-arg","locations":[{"start":{"line":14,"column":52},"end":{"line":14,"column":54}}],"line":14},"2":{"loc":{"start":{"line":16,"column":4},"end":{"line":16,"column":17}},"type":"default-arg","locations":[{"start":{"line":16,"column":16},"end":{"line":16,"column":17}}],"line":16},"3":{"loc":{"start":{"line":17,"column":4},"end":{"line":17,"column":27}},"type":"default-arg","locations":[{"start":{"line":17,"column":23},"end":{"line":17,"column":27}}],"line":17},"4":{"loc":{"start":{"line":18,"column":4},"end":{"line":18,"column":27}},"type":"default-arg","locations":[{"start":{"line":18,"column":23},"end":{"line":18,"column":27}}],"line":18},"5":{"loc":{"start":{"line":19,"column":4},"end":{"line":19,"column":24}},"type":"default-arg","locations":[{"start":{"line":19,"column":20},"end":{"line":19,"column":24}}],"line":19},"6":{"loc":{"start":{"line":20,"column":4},"end":{"line":20,"column":26}},"type":"default-arg","locations":[{"start":{"line":20,"column":21},"end":{"line":20,"column":26}}],"line":20},"7":{"loc":{"start":{"line":23,"column":2},"end":{"line":23,"column":49}},"type":"if","locations":[{"start":{"line":23,"column":2},"end":{"line":23,"column":49}},{"start":{},"end":{}}],"line":23},"8":{"loc":{"start":{"line":24,"column":2},"end":{"line":24,"column":48}},"type":"if","locations":[{"start":{"line":24,"column":2},"end":{"line":24,"column":48}},{"start":{},"end":{}}],"line":24},"9":{"loc":{"start":{"line":25,"column":2},"end":{"line":25,"column":64}},"type":"if","locations":[{"start":{"line":25,"column":2},"end":{"line":25,"column":64}},{"start":{},"end":{}}],"line":25},"10":{"loc":{"start":{"line":25,"column":6},"end":{"line":25,"column":49}},"type":"binary-expr","locations":[{"start":{"line":25,"column":6},"end":{"line":25,"column":22}},{"start":{"line":25,"column":26},"end":{"line":25,"column":49}}],"line":25},"11":{"loc":{"start":{"line":26,"column":2},"end":{"line":26,"column":64}},"type":"if","locations":[{"start":{"line":26,"column":2},"end":{"line":26,"column":64}},{"start":{},"end":{}}],"line":26},"12":{"loc":{"start":{"line":26,"column":6},"end":{"line":26,"column":49}},"type":"binary-expr","locations":[{"start":{"line":26,"column":6},"end":{"line":26,"column":22}},{"start":{"line":26,"column":26},"end":{"line":26,"column":49}}],"line":26},"13":{"loc":{"start":{"line":27,"column":2},"end":{"line":27,"column":58}},"type":"if","locations":[{"start":{"line":27,"column":2},"end":{"line":27,"column":58}},{"start":{},"end":{}}],"line":27},"14":{"loc":{"start":{"line":27,"column":6},"end":{"line":27,"column":43}},"type":"binary-expr","locations":[{"start":{"line":27,"column":6},"end":{"line":27,"column":19}},{"start":{"line":27,"column":23},"end":{"line":27,"column":43}}],"line":27},"15":{"loc":{"start":{"line":28,"column":2},"end":{"line":28,"column":79}},"type":"if","locations":[{"start":{"line":28,"column":2},"end":{"line":28,"column":79}},{"start":{},"end":{}}],"line":28},"16":{"loc":{"start":{"line":28,"column":6},"end":{"line":28,"column":64}},"type":"binary-expr","locations":[{"start":{"line":28,"column":6},"end":{"line":28,"column":20}},{"start":{"line":28,"column":24},"end":{"line":28,"column":64}}],"line":28},"17":{"loc":{"start":{"line":34,"column":2},"end":{"line":34,"column":53}},"type":"if","locations":[{"start":{"line":34,"column":2},"end":{"line":34,"column":53}},{"start":{},"end":{}}],"line":34},"18":{"loc":{"start":{"line":38,"column":2},"end":{"line":38,"column":39}},"type":"if","locations":[{"start":{"line":38,"column":2},"end":{"line":38,"column":39}},{"start":{},"end":{}}],"line":38},"19":{"loc":{"start":{"line":39,"column":2},"end":{"line":39,"column":40}},"type":"if","locations":[{"start":{"line":39,"column":2},"end":{"line":39,"column":40}},{"start":{},"end":{}}],"line":39},"20":{"loc":{"start":{"line":40,"column":2},"end":{"line":40,"column":41}},"type":"if","locations":[{"start":{"line":40,"column":2},"end":{"line":40,"column":41}},{"start":{},"end":{}}],"line":40},"21":{"loc":{"start":{"line":41,"column":2},"end":{"line":41,"column":41}},"type":"if","locations":[{"start":{"line":41,"column":2},"end":{"line":41,"column":41}},{"start":{},"end":{}}],"line":41},"22":{"loc":{"start":{"line":42,"column":2},"end":{"line":42,"column":38}},"type":"if","locations":[{"start":{"line":42,"column":2},"end":{"line":42,"column":38}},{"start":{},"end":{}}],"line":42},"23":{"loc":{"start":{"line":43,"column":2},"end":{"line":43,"column":58}},"type":"if","locations":[{"start":{"line":43,"column":2},"end":{"line":43,"column":58}},{"start":{},"end":{}}],"line":43},"24":{"loc":{"start":{"line":45,"column":2},"end":{"line":45,"column":32}},"type":"if","locations":[{"start":{"line":45,"column":2},"end":{"line":45,"column":32}},{"start":{},"end":{}}],"line":45},"25":{"loc":{"start":{"line":46,"column":2},"end":{"line":46,"column":34}},"type":"if","locations":[{"start":{"line":46,"column":2},"end":{"line":46,"column":34}},{"start":{},"end":{}}],"line":46},"26":{"loc":{"start":{"line":52,"column":2},"end":{"line":52,"column":46}},"type":"if","locations":[{"start":{"line":52,"column":2},"end":{"line":52,"column":46}},{"start":{},"end":{}}],"line":52},"27":{"loc":{"start":{"line":59,"column":2},"end":{"line":59,"column":44}},"type":"if","locations":[{"start":{"line":59,"column":2},"end":{"line":59,"column":44}},{"start":{},"end":{}}],"line":59},"28":{"loc":{"start":{"line":70,"column":2},"end":{"line":70,"column":51}},"type":"if","locations":[{"start":{"line":70,"column":2},"end":{"line":70,"column":51}},{"start":{},"end":{}}],"line":70},"29":{"loc":{"start":{"line":73,"column":2},"end":{"line":73,"column":49}},"type":"if","locations":[{"start":{"line":73,"column":2},"end":{"line":73,"column":49}},{"start":{},"end":{}}],"line":73},"30":{"loc":{"start":{"line":81,"column":4},"end":{"line":84,"column":5}},"type":"if","locations":[{"start":{"line":81,"column":4},"end":{"line":84,"column":5}},{"start":{},"end":{}}],"line":81},"31":{"loc":{"start":{"line":83,"column":6},"end":{"line":83,"column":32}},"type":"if","locations":[{"start":{"line":83,"column":6},"end":{"line":83,"column":32}},{"start":{},"end":{}}],"line":83},"32":{"loc":{"start":{"line":95,"column":2},"end":{"line":95,"column":51}},"type":"if","locations":[{"start":{"line":95,"column":2},"end":{"line":95,"column":51}},{"start":{},"end":{}}],"line":95},"33":{"loc":{"start":{"line":97,"column":9},"end":{"line":97,"column":45}},"type":"binary-expr","locations":[{"start":{"line":97,"column":9},"end":{"line":97,"column":29}},{"start":{"line":97,"column":33},"end":{"line":97,"column":45}}],"line":97},"34":{"loc":{"start":{"line":101,"column":2},"end":{"line":101,"column":45}},"type":"if","locations":[{"start":{"line":101,"column":2},"end":{"line":101,"column":45}},{"start":{},"end":{}}],"line":101},"35":{"loc":{"start":{"line":106,"column":2},"end":{"line":106,"column":45}},"type":"if","locations":[{"start":{"line":106,"column":2},"end":{"line":106,"column":45}},{"start":{},"end":{}}],"line":106},"36":{"loc":{"start":{"line":110,"column":35},"end":{"line":110,"column":46}},"type":"default-arg","locations":[{"start":{"line":110,"column":44},"end":{"line":110,"column":46}}],"line":110},"37":{"loc":{"start":{"line":111,"column":2},"end":{"line":111,"column":44}},"type":"if","locations":[{"start":{"line":111,"column":2},"end":{"line":111,"column":44}},{"start":{},"end":{}}],"line":111},"38":{"loc":{"start":{"line":118,"column":2},"end":{"line":120,"column":3}},"type":"if","locations":[{"start":{"line":118,"column":2},"end":{"line":120,"column":3}},{"start":{},"end":{}}],"line":118},"39":{"loc":{"start":{"line":118,"column":6},"end":{"line":118,"column":77}},"type":"binary-expr","locations":[{"start":{"line":118,"column":6},"end":{"line":118,"column":19}},{"start":{"line":118,"column":24},"end":{"line":118,"column":39}},{"start":{"line":118,"column":43},"end":{"line":118,"column":76}}],"line":118},"40":{"loc":{"start":{"line":127,"column":2},"end":{"line":127,"column":58}},"type":"if","locations":[{"start":{"line":127,"column":2},"end":{"line":127,"column":58}},{"start":{},"end":{}}],"line":127},"41":{"loc":{"start":{"line":127,"column":6},"end":{"line":127,"column":43}},"type":"binary-expr","locations":[{"start":{"line":127,"column":6},"end":{"line":127,"column":20}},{"start":{"line":127,"column":24},"end":{"line":127,"column":43}}],"line":127},"42":{"loc":{"start":{"line":128,"column":2},"end":{"line":128,"column":64}},"type":"if","locations":[{"start":{"line":128,"column":2},"end":{"line":128,"column":64}},{"start":{},"end":{}}],"line":128},"43":{"loc":{"start":{"line":134,"column":2},"end":{"line":134,"column":46}},"type":"if","locations":[{"start":{"line":134,"column":2},"end":{"line":134,"column":46}},{"start":{},"end":{}}],"line":134},"44":{"loc":{"start":{"line":139,"column":2},"end":{"line":139,"column":46}},"type":"if","locations":[{"start":{"line":139,"column":2},"end":{"line":139,"column":46}},{"start":{},"end":{}}],"line":139},"45":{"loc":{"start":{"line":144,"column":9},"end":{"line":144,"column":73}},"type":"binary-expr","locations":[{"start":{"line":144,"column":9},"end":{"line":144,"column":39}},{"start":{"line":144,"column":43},"end":{"line":144,"column":73}}],"line":144},"46":{"loc":{"start":{"line":149,"column":9},"end":{"line":149,"column":51}},"type":"binary-expr","locations":[{"start":{"line":149,"column":9},"end":{"line":149,"column":34}},{"start":{"line":149,"column":38},"end":{"line":149,"column":51}}],"line":149},"47":{"loc":{"start":{"line":153,"column":9},"end":{"line":153,"column":37}},"type":"binary-expr","locations":[{"start":{"line":153,"column":9},"end":{"line":153,"column":24}},{"start":{"line":153,"column":28},"end":{"line":153,"column":37}}],"line":153},"48":{"loc":{"start":{"line":157,"column":9},"end":{"line":157,"column":37}},"type":"binary-expr","locations":[{"start":{"line":157,"column":9},"end":{"line":157,"column":24}},{"start":{"line":157,"column":28},"end":{"line":157,"column":37}}],"line":157},"49":{"loc":{"start":{"line":161,"column":9},"end":{"line":161,"column":51}},"type":"binary-expr","locations":[{"start":{"line":161,"column":9},"end":{"line":161,"column":24}},{"start":{"line":161,"column":28},"end":{"line":161,"column":51}}],"line":161},"50":{"loc":{"start":{"line":165,"column":9},"end":{"line":165,"column":56}},"type":"binary-expr","locations":[{"start":{"line":165,"column":9},"end":{"line":165,"column":24}},{"start":{"line":165,"column":28},"end":{"line":165,"column":40}},{"start":{"line":165,"column":44},"end":{"line":165,"column":56}}],"line":165},"51":{"loc":{"start":{"line":169,"column":42},"end":{"line":169,"column":54}},"type":"default-arg","locations":[{"start":{"line":169,"column":52},"end":{"line":169,"column":54}}],"line":169},"52":{"loc":{"start":{"line":171,"column":4},"end":{"line":171,"column":17}},"type":"default-arg","locations":[{"start":{"line":171,"column":16},"end":{"line":171,"column":17}}],"line":171},"53":{"loc":{"start":{"line":172,"column":4},"end":{"line":172,"column":18}},"type":"default-arg","locations":[{"start":{"line":172,"column":16},"end":{"line":172,"column":18}}],"line":172},"54":{"loc":{"start":{"line":173,"column":4},"end":{"line":173,"column":26}},"type":"default-arg","locations":[{"start":{"line":173,"column":22},"end":{"line":173,"column":26}}],"line":173},"55":{"loc":{"start":{"line":174,"column":4},"end":{"line":174,"column":23}},"type":"default-arg","locations":[{"start":{"line":174,"column":19},"end":{"line":174,"column":23}}],"line":174},"56":{"loc":{"start":{"line":177,"column":2},"end":{"line":177,"column":49}},"type":"if","locations":[{"start":{"line":177,"column":2},"end":{"line":177,"column":49}},{"start":{},"end":{}}],"line":177},"57":{"loc":{"start":{"line":178,"column":2},"end":{"line":178,"column":69}},"type":"if","locations":[{"start":{"line":178,"column":2},"end":{"line":178,"column":69}},{"start":{},"end":{}}],"line":178},"58":{"loc":{"start":{"line":181,"column":2},"end":{"line":189,"column":3}},"type":"if","locations":[{"start":{"line":181,"column":2},"end":{"line":189,"column":3}},{"start":{"line":183,"column":9},"end":{"line":189,"column":3}}],"line":181},"59":{"loc":{"start":{"line":181,"column":6},"end":{"line":181,"column":37}},"type":"binary-expr","locations":[{"start":{"line":181,"column":6},"end":{"line":181,"column":21}},{"start":{"line":181,"column":25},"end":{"line":181,"column":37}}],"line":181},"60":{"loc":{"start":{"line":183,"column":9},"end":{"line":189,"column":3}},"type":"if","locations":[{"start":{"line":183,"column":9},"end":{"line":189,"column":3}},{"start":{"line":185,"column":9},"end":{"line":189,"column":3}}],"line":183},"61":{"loc":{"start":{"line":185,"column":9},"end":{"line":189,"column":3}},"type":"if","locations":[{"start":{"line":185,"column":9},"end":{"line":189,"column":3}},{"start":{"line":187,"column":9},"end":{"line":189,"column":3}}],"line":185},"62":{"loc":{"start":{"line":196,"column":40},"end":{"line":196,"column":54}},"type":"default-arg","locations":[{"start":{"line":196,"column":50},"end":{"line":196,"column":54}}],"line":196},"63":{"loc":{"start":{"line":197,"column":2},"end":{"line":197,"column":45}},"type":"if","locations":[{"start":{"line":197,"column":2},"end":{"line":197,"column":45}},{"start":{},"end":{}}],"line":197},"64":{"loc":{"start":{"line":207,"column":9},"end":{"line":207,"column":45}},"type":"cond-expr","locations":[{"start":{"line":207,"column":19},"end":{"line":207,"column":37}},{"start":{"line":207,"column":40},"end":{"line":207,"column":45}}],"line":207},"65":{"loc":{"start":{"line":220,"column":6},"end":{"line":223,"column":7}},"type":"if","locations":[{"start":{"line":220,"column":6},"end":{"line":223,"column":7}},{"start":{},"end":{}}],"line":220}},"s":{"0":2,"1":1,"2":0,"3":1,"4":1,"5":2,"6":0,"7":0,"8":0,"9":0,"10":0,"11":0,"12":0,"13":0,"14":0,"15":0,"16":0,"17":0,"18":0,"19":0,"20":2,"21":27,"22":0,"23":27,"24":27,"25":3,"26":27,"27":1,"28":27,"29":9,"30":27,"31":2,"32":27,"33":3,"34":27,"35":1,"36":27,"37":25,"38":2,"39":1,"40":1,"41":2,"42":0,"43":0,"44":0,"45":0,"46":2,"47":0,"48":0,"49":0,"50":0,"51":0,"52":0,"53":2,"54":9,"55":1,"56":8,"57":8,"58":2,"59":6,"60":6,"61":6,"62":6,"63":96,"64":96,"65":48,"66":48,"67":16,"68":96,"69":96,"70":6,"71":2,"72":0,"73":0,"74":0,"75":0,"76":2,"77":0,"78":0,"79":0,"80":2,"81":0,"82":0,"83":0,"84":2,"85":0,"86":0,"87":0,"88":0,"89":0,"90":0,"91":0,"92":0,"93":0,"94":2,"95":2,"96":0,"97":2,"98":2,"99":0,"100":2,"101":12,"102":0,"103":12,"104":2,"105":10,"106":0,"107":10,"108":2,"109":11,"110":2,"111":0,"112":2,"113":0,"114":2,"115":0,"116":2,"117":0,"118":2,"119":0,"120":2,"121":11,"122":11,"123":0,"124":11,"125":2,"126":9,"127":9,"128":5,"129":4,"130":2,"131":2,"132":2,"133":0,"134":9,"135":9,"136":2,"137":0,"138":0,"139":0,"140":0,"141":0,"142":2,"143":0,"144":0,"145":0,"146":0,"147":0,"148":0,"149":0,"150":0,"151":0,"152":0},"f":{"0":1,"1":0,"2":27,"3":0,"4":0,"5":9,"6":0,"7":0,"8":0,"9":0,"10":2,"11":12,"12":10,"13":11,"14":0,"15":0,"16":0,"17":0,"18":0,"19":11,"20":0,"21":0,"22":0},"b":{"0":[0,1],"1":[0],"2":[0],"3":[0],"4":[0],"5":[0],"6":[0],"7":[0,0],"8":[0,0],"9":[0,0],"10":[0,0],"11":[0,0],"12":[0,0],"13":[0,0],"14":[0,0],"15":[0,0],"16":[0,0],"17":[0,27],"18":[3,24],"19":[1,26],"20":[9,18],"21":[2,25],"22":[3,24],"23":[1,26],"24":[25,2],"25":[1,1],"26":[0,0],"27":[0,0],"28":[1,8],"29":[2,6],"30":[48,48],"31":[16,32],"32":[0,0],"33":[0,0],"34":[0,0],"35":[0,0],"36":[0],"37":[0,0],"38":[0,0],"39":[0,0,0],"40":[0,2],"41":[2,2],"42":[2,0],"43":[0,12],"44":[0,10],"45":[11,10],"46":[0,0],"47":[0,0],"48":[0,0],"49":[0,0],"50":[0,0,0],"51":[5],"52":[10],"53":[10],"54":[9],"55":[9],"56":[0,11],"57":[2,9],"58":[5,4],"59":[9,7],"60":[2,2],"61":[2,0],"62":[0],"63":[0,0],"64":[0,0],"65":[0,0]},"_coverageSchema":"1a1c01bbd47fc00a2c39e90264f33305004495a9","hash":"199749d3e416d4ef35b95d366c49bb27d23f2ea1"}
}
