TN:
SF:src/App.jsx
FN:15,(anonymous_0)
FN:16,(anonymous_1)
FN:17,(anonymous_2)
FN:28,App
FN:31,(anonymous_4)
FN:34,(anonymous_5)
FN:37,(anonymous_6)
FN:40,(anonymous_7)
FN:54,(anonymous_8)
FN:85,(anonymous_9)
FN:88,(anonymous_10)
FNF:11
FNH:0
FNDA:0,(anonymous_0)
FNDA:0,(anonymous_1)
FNDA:0,(anonymous_2)
FNDA:0,App
FNDA:0,(anonymous_4)
FNDA:0,(anonymous_5)
FNDA:0,(anonymous_6)
FNDA:0,(anonymous_7)
FNDA:0,(anonymous_8)
FNDA:0,(anonymous_9)
FNDA:0,(anonymous_10)
DA:15,0
DA:16,0
DA:17,0
DA:18,0
DA:29,0
DA:31,0
DA:32,0
DA:34,0
DA:37,0
DA:38,0
DA:40,0
DA:43,0
DA:54,0
DA:55,0
DA:57,0
DA:59,0
DA:61,0
DA:63,0
DA:65,0
DA:67,0
DA:69,0
DA:71,0
DA:73,0
DA:77,0
DA:86,0
DA:88,0
LF:26
LH:0
BRDA:55,0,0,0
BRDA:55,0,1,0
BRDA:55,0,2,0
BRDA:55,0,3,0
BRDA:55,0,4,0
BRDA:55,0,5,0
BRDA:55,0,6,0
BRDA:55,0,7,0
BRDA:55,0,8,0
BRDA:89,1,0,0
BRDA:89,1,1,0
BRF:11
BRH:0
end_of_record
TN:
SF:src/components/Calculator.jsx
FN:7,Calculator
FN:14,(anonymous_1)
FN:24,(anonymous_2)
FN:36,(anonymous_3)
FN:44,(anonymous_4)
FN:68,(anonymous_5)
FN:83,(anonymous_6)
FN:100,(anonymous_7)
FN:105,(anonymous_8)
FN:143,(anonymous_9)
FN:150,(anonymous_10)
FN:153,(anonymous_11)
FN:156,(anonymous_12)
FN:160,(anonymous_13)
FN:167,(anonymous_14)
FN:170,(anonymous_15)
FN:173,(anonymous_16)
FN:177,(anonymous_17)
FN:184,(anonymous_18)
FN:187,(anonymous_19)
FN:190,(anonymous_20)
FN:194,(anonymous_21)
FN:202,(anonymous_22)
FNF:23
FNH:10
FNDA:10,Calculator
FNDA:5,(anonymous_1)
FNDA:0,(anonymous_2)
FNDA:0,(anonymous_3)
FNDA:1,(anonymous_4)
FNDA:1,(anonymous_5)
FNDA:1,(anonymous_6)
FNDA:0,(anonymous_7)
FNDA:0,(anonymous_8)
FNDA:0,(anonymous_9)
FNDA:0,(anonymous_10)
FNDA:0,(anonymous_11)
FNDA:0,(anonymous_12)
FNDA:0,(anonymous_13)
FNDA:0,(anonymous_14)
FNDA:1,(anonymous_15)
FNDA:0,(anonymous_16)
FNDA:0,(anonymous_17)
FNDA:1,(anonymous_18)
FNDA:1,(anonymous_19)
FNDA:2,(anonymous_20)
FNDA:1,(anonymous_21)
FNDA:0,(anonymous_22)
DA:8,10
DA:9,10
DA:10,10
DA:11,10
DA:12,10
DA:14,10
DA:15,5
DA:16,5
DA:17,1
DA:18,1
DA:20,4
DA:24,10
DA:25,0
DA:26,0
DA:27,0
DA:28,0
DA:29,0
DA:31,0
DA:32,0
DA:36,10
DA:37,0
DA:38,0
DA:39,0
DA:40,0
DA:41,0
DA:44,10
DA:45,1
DA:47,1
DA:48,1
DA:49,0
DA:50,0
DA:51,0
DA:52,0
DA:53,0
DA:55,0
DA:56,0
DA:57,0
DA:58,0
DA:59,0
DA:60,0
DA:64,1
DA:65,1
DA:68,10
DA:69,1
DA:71,1
DA:73,0
DA:75,0
DA:77,0
DA:79,0
DA:83,10
DA:84,1
DA:86,1
DA:88,1
DA:89,1
DA:90,1
DA:91,1
DA:92,1
DA:93,1
DA:95,0
DA:96,0
DA:100,10
DA:101,0
DA:102,0
DA:105,10
DA:106,0
DA:107,0
DA:110,10
DA:143,0
DA:150,0
DA:153,0
DA:156,0
DA:160,0
DA:167,0
DA:170,1
DA:173,0
DA:177,0
DA:184,1
DA:187,1
DA:190,2
DA:194,1
DA:202,0
LF:81
LH:39
BRDA:16,0,0,1
BRDA:16,0,1,4
BRDA:20,1,0,2
BRDA:20,1,1,2
BRDA:26,2,0,0
BRDA:26,2,1,0
BRDA:31,3,0,0
BRDA:31,3,1,0
BRDA:47,4,0,1
BRDA:47,4,1,0
BRDA:49,5,0,0
BRDA:49,5,1,0
BRDA:69,6,0,1
BRDA:69,6,1,0
BRDA:69,6,2,0
BRDA:69,6,3,0
BRDA:69,6,4,0
BRDA:84,7,0,0
BRDA:84,7,1,1
BRDA:84,8,0,1
BRDA:84,8,1,1
BRDA:114,9,0,10
BRDA:114,9,1,0
BRDA:145,10,0,0
BRDA:145,10,1,10
BRDA:162,11,0,0
BRDA:162,11,1,10
BRDA:179,12,0,0
BRDA:179,12,1,10
BRDA:196,13,0,2
BRDA:196,13,1,8
BRF:31
BRH:15
end_of_record
TN:
SF:src/components/Counter.jsx
FN:6,Counter
FN:14,(anonymous_1)
FN:15,(anonymous_2)
FN:18,(anonymous_3)
FN:19,(anonymous_4)
FN:22,(anonymous_5)
FNF:6
FNH:0
FNDA:0,Counter
FNDA:0,(anonymous_1)
FNDA:0,(anonymous_2)
FNDA:0,(anonymous_3)
FNDA:0,(anonymous_4)
FNDA:0,(anonymous_5)
DA:12,0
DA:14,0
DA:15,0
DA:18,0
DA:19,0
DA:22,0
DA:23,0
DA:26,0
LF:8
LH:0
BRDA:7,0,0,0
BRDA:8,1,0,0
BRDA:9,2,0,0
BRDA:10,3,0,0
BRF:4
BRH:0
end_of_record
TN:
SF:src/components/Greeting.jsx
FN:4,Greeting
FN:5,(anonymous_1)
FNF:2
FNH:2
FNDA:2,Greeting
FNDA:2,(anonymous_1)
DA:5,2
DA:6,2
DA:7,2
DA:10,0
DA:12,0
DA:13,0
DA:14,0
DA:15,0
DA:16,0
DA:17,0
DA:19,0
DA:23,2
DA:24,2
DA:26,2
LF:14
LH:6
BRDA:6,0,0,2
BRDA:6,0,1,0
BRDA:6,1,0,2
BRDA:6,1,1,2
BRDA:10,2,0,0
BRDA:10,2,1,0
BRDA:12,3,0,0
BRDA:12,3,1,0
BRDA:12,4,0,0
BRDA:12,4,1,0
BRDA:14,5,0,0
BRDA:14,5,1,0
BRDA:14,6,0,0
BRDA:14,6,1,0
BRDA:16,7,0,0
BRDA:16,7,1,0
BRDA:16,8,0,0
BRDA:16,8,1,0
BRDA:23,9,0,2
BRDA:23,9,1,1
BRDA:31,10,0,2
BRDA:31,10,1,1
BRF:22
BRH:7
end_of_record
TN:
SF:src/components/LoginForm.jsx
FN:13,LoginForm
FN:26,(anonymous_1)
FN:44,(anonymous_2)
FN:48,(anonymous_3)
FN:55,(anonymous_4)
FN:65,(anonymous_5)
FN:68,(anonymous_6)
FN:74,(anonymous_7)
FN:80,(anonymous_8)
FN:84,(anonymous_9)
FN:98,(anonymous_10)
FNF:11
FNH:7
FNDA:23,LoginForm
FNDA:2,(anonymous_1)
FNDA:18,(anonymous_2)
FNDA:18,(anonymous_3)
FNDA:0,(anonymous_4)
FNDA:2,(anonymous_5)
FNDA:2,(anonymous_6)
FNDA:2,(anonymous_7)
FNDA:0,(anonymous_8)
FNDA:0,(anonymous_9)
FNDA:0,(anonymous_10)
DA:14,23
DA:20,23
DA:21,23
DA:22,23
DA:23,23
DA:24,23
DA:26,23
DA:27,2
DA:29,1
DA:30,1
DA:31,0
DA:33,1
DA:34,1
DA:35,1
DA:36,0
DA:37,0
DA:38,0
DA:40,0
DA:44,23
DA:45,18
DA:46,18
DA:48,18
DA:54,18
DA:55,0
DA:61,18
DA:62,18
DA:65,23
DA:66,2
DA:68,2
DA:73,2
DA:74,2
DA:80,23
DA:81,0
DA:82,0
DA:84,0
DA:85,0
DA:86,0
DA:87,0
DA:88,0
DA:89,0
DA:94,0
DA:95,0
DA:98,23
DA:99,0
DA:102,0
DA:107,0
DA:108,0
DA:111,0
DA:112,0
DA:114,0
DA:115,0
DA:116,0
DA:118,0
DA:119,0
DA:120,0
DA:122,0
DA:124,0
DA:128,23
DA:130,23
LF:59
LH:29
BRDA:27,0,0,1
BRDA:27,0,1,1
BRDA:27,0,2,0
BRDA:29,1,0,0
BRDA:29,1,1,1
BRDA:30,2,0,1
BRDA:30,2,1,0
BRDA:33,3,0,0
BRDA:33,3,1,1
BRDA:34,4,0,1
BRDA:34,4,1,0
BRDA:36,5,0,0
BRDA:36,5,1,0
BRDA:46,6,0,0
BRDA:46,6,1,18
BRDA:54,7,0,0
BRDA:54,7,1,18
BRDA:85,8,0,0
BRDA:85,8,1,0
BRDA:87,9,0,0
BRDA:87,9,1,0
BRDA:107,10,0,0
BRDA:107,10,1,0
BRDA:115,11,0,0
BRDA:115,11,1,0
BRDA:122,12,0,0
BRDA:122,12,1,0
BRDA:134,13,0,23
BRDA:134,13,1,0
BRDA:140,14,0,23
BRDA:140,14,1,0
BRDA:159,15,0,23
BRDA:159,15,1,1
BRDA:159,15,2,1
BRDA:178,16,0,23
BRDA:178,16,1,6
BRDA:186,17,0,23
BRDA:186,17,1,1
BRDA:186,17,2,1
BRDA:212,18,0,0
BRDA:212,18,1,23
BRF:41
BRH:19
end_of_record
TN:
SF:src/components/RegistrationForm.jsx
FN:14,RegistrationForm
FN:30,(anonymous_1)
FN:72,(anonymous_2)
FN:76,(anonymous_3)
FN:82,(anonymous_4)
FN:98,(anonymous_5)
FN:108,(anonymous_6)
FN:112,(anonymous_7)
FN:118,(anonymous_8)
FN:124,(anonymous_9)
FN:128,(anonymous_10)
FN:143,(anonymous_11)
FN:147,(anonymous_12)
FN:181,(anonymous_13)
FNF:14
FNH:0
FNDA:0,RegistrationForm
FNDA:0,(anonymous_1)
FNDA:0,(anonymous_2)
FNDA:0,(anonymous_3)
FNDA:0,(anonymous_4)
FNDA:0,(anonymous_5)
FNDA:0,(anonymous_6)
FNDA:0,(anonymous_7)
FNDA:0,(anonymous_8)
FNDA:0,(anonymous_9)
FNDA:0,(anonymous_10)
FNDA:0,(anonymous_11)
FNDA:0,(anonymous_12)
FNDA:0,(anonymous_13)
DA:15,0
DA:24,0
DA:25,0
DA:26,0
DA:27,0
DA:28,0
DA:30,0
DA:31,0
DA:33,0
DA:34,0
DA:35,0
DA:36,0
DA:37,0
DA:38,0
DA:39,0
DA:40,0
DA:42,0
DA:43,0
DA:44,0
DA:46,0
DA:47,0
DA:48,0
DA:49,0
DA:50,0
DA:52,0
DA:54,0
DA:55,0
DA:56,0
DA:58,0
DA:59,0
DA:60,0
DA:61,0
DA:62,0
DA:63,0
DA:65,0
DA:66,0
DA:68,0
DA:72,0
DA:73,0
DA:74,0
DA:76,0
DA:81,0
DA:82,0
DA:89,0
DA:94,0
DA:98,0
DA:104,0
DA:105,0
DA:108,0
DA:109,0
DA:110,0
DA:112,0
DA:117,0
DA:118,0
DA:124,0
DA:125,0
DA:126,0
DA:128,0
DA:129,0
DA:133,0
DA:134,0
DA:135,0
DA:139,0
DA:140,0
DA:143,0
DA:144,0
DA:147,0
DA:148,0
DA:149,0
DA:151,0
DA:153,0
DA:154,0
DA:157,0
DA:158,0
DA:160,0
DA:161,0
DA:162,0
DA:164,0
DA:165,0
DA:173,0
DA:175,0
DA:177,0
DA:181,0
DA:183,0
LF:84
LH:0
BRDA:31,0,0,0
BRDA:31,0,1,0
BRDA:31,0,2,0
BRDA:31,0,3,0
BRDA:31,0,4,0
BRDA:31,0,5,0
BRDA:31,0,6,0
BRDA:33,1,0,0
BRDA:33,1,1,0
BRDA:34,2,0,0
BRDA:34,2,1,0
BRDA:36,3,0,0
BRDA:36,3,1,0
BRDA:38,4,0,0
BRDA:38,4,1,0
BRDA:42,5,0,0
BRDA:42,5,1,0
BRDA:43,6,0,0
BRDA:43,6,1,0
BRDA:46,7,0,0
BRDA:46,7,1,0
BRDA:47,8,0,0
BRDA:47,8,1,0
BRDA:49,9,0,0
BRDA:49,9,1,0
BRDA:54,10,0,0
BRDA:54,10,1,0
BRDA:55,11,0,0
BRDA:55,11,1,0
BRDA:58,12,0,0
BRDA:58,12,1,0
BRDA:60,13,0,0
BRDA:60,13,1,0
BRDA:61,14,0,0
BRDA:61,14,1,0
BRDA:62,15,0,0
BRDA:62,15,1,0
BRDA:65,16,0,0
BRDA:65,16,1,0
BRDA:74,17,0,0
BRDA:74,17,1,0
BRDA:81,18,0,0
BRDA:81,18,1,0
BRDA:89,19,0,0
BRDA:89,19,1,0
BRDA:90,20,0,0
BRDA:90,20,1,0
BRDA:90,20,2,0
BRDA:110,21,0,0
BRDA:110,21,1,0
BRDA:131,22,0,0
BRDA:131,22,1,0
BRDA:133,23,0,0
BRDA:133,23,1,0
BRDA:153,24,0,0
BRDA:153,24,1,0
BRDA:161,25,0,0
BRDA:161,25,1,0
BRDA:175,26,0,0
BRDA:175,26,1,0
BRDA:181,27,0,0
BRDA:181,27,1,0
BRDA:187,28,0,0
BRDA:187,28,1,0
BRDA:193,29,0,0
BRDA:193,29,1,0
BRDA:212,30,0,0
BRDA:212,30,1,0
BRDA:231,31,0,0
BRDA:231,31,1,0
BRDA:250,32,0,0
BRDA:250,32,1,0
BRDA:269,33,0,0
BRDA:269,33,1,0
BRDA:290,34,0,0
BRDA:290,34,1,0
BRDA:310,35,0,0
BRDA:310,35,1,0
BRDA:322,36,0,0
BRDA:322,36,1,0
BRF:80
BRH:0
end_of_record
TN:
SF:src/components/ShoppingCart.jsx
FN:6,ShoppingCart
FN:12,(anonymous_1)
FN:28,(anonymous_2)
FN:33,(anonymous_3)
FN:53,(anonymous_4)
FN:54,(anonymous_5)
FN:57,(anonymous_6)
FN:60,(anonymous_7)
FN:71,(anonymous_8)
FN:75,(anonymous_9)
FN:77,(anonymous_10)
FN:92,(anonymous_11)
FN:99,(anonymous_12)
FN:121,(anonymous_13)
FN:137,(anonymous_14)
FN:146,(anonymous_15)
FN:159,(anonymous_16)
FNF:17
FNH:0
FNDA:0,ShoppingCart
FNDA:0,(anonymous_1)
FNDA:0,(anonymous_2)
FNDA:0,(anonymous_3)
FNDA:0,(anonymous_4)
FNDA:0,(anonymous_5)
FNDA:0,(anonymous_6)
FNDA:0,(anonymous_7)
FNDA:0,(anonymous_8)
FNDA:0,(anonymous_9)
FNDA:0,(anonymous_10)
FNDA:0,(anonymous_11)
FNDA:0,(anonymous_12)
FNDA:0,(anonymous_13)
FNDA:0,(anonymous_14)
FNDA:0,(anonymous_15)
FNDA:0,(anonymous_16)
DA:7,0
DA:8,0
DA:9,0
DA:10,0
DA:12,0
DA:13,0
DA:14,0
DA:16,0
DA:17,0
DA:18,0
DA:21,0
DA:22,0
DA:23,0
DA:24,0
DA:27,0
DA:28,0
DA:31,0
DA:32,0
DA:34,0
DA:40,0
DA:46,0
DA:49,0
DA:50,0
DA:53,0
DA:54,0
DA:57,0
DA:58,0
DA:61,0
DA:62,0
DA:63,0
DA:65,0
DA:71,0
DA:72,0
DA:75,0
DA:76,0
DA:77,0
DA:80,0
DA:81,0
DA:83,0
DA:92,0
DA:99,0
DA:122,0
DA:137,0
DA:146,0
DA:159,0
LF:45
LH:0
BRDA:16,0,0,0
BRDA:16,0,1,0
BRDA:22,1,0,0
BRDA:22,1,1,0
BRDA:22,2,0,0
BRDA:22,2,1,0
BRDA:31,3,0,0
BRDA:31,3,1,0
BRDA:34,4,0,0
BRDA:34,4,1,0
BRDA:61,5,0,0
BRDA:61,5,1,0
BRDA:63,6,0,0
BRDA:63,6,1,0
BRDA:109,7,0,0
BRDA:109,7,1,0
BRDA:116,8,0,0
BRDA:116,8,1,0
BRF:18
BRH:0
end_of_record
TN:
SF:src/components/TodoList.jsx
FN:6,TodoList
FN:13,(anonymous_1)
FN:28,(anonymous_2)
FN:29,(anonymous_3)
FN:32,(anonymous_4)
FN:34,(anonymous_5)
FN:40,(anonymous_6)
FN:45,(anonymous_7)
FN:50,(anonymous_8)
FN:59,(anonymous_9)
FN:64,(anonymous_10)
FN:65,(anonymous_11)
FN:68,(anonymous_12)
FN:69,(anonymous_13)
FN:70,(anonymous_14)
FN:73,(anonymous_15)
FN:79,(anonymous_16)
FN:80,(anonymous_17)
FN:90,(anonymous_18)
FN:103,(anonymous_19)
FN:109,(anonymous_20)
FN:116,(anonymous_21)
FN:123,(anonymous_22)
FN:141,(anonymous_23)
FN:152,(anonymous_24)
FN:153,(anonymous_25)
FN:161,(anonymous_26)
FN:175,(anonymous_27)
FN:179,(anonymous_28)
FN:185,(anonymous_29)
FNF:30
FNH:0
FNDA:0,TodoList
FNDA:0,(anonymous_1)
FNDA:0,(anonymous_2)
FNDA:0,(anonymous_3)
FNDA:0,(anonymous_4)
FNDA:0,(anonymous_5)
FNDA:0,(anonymous_6)
FNDA:0,(anonymous_7)
FNDA:0,(anonymous_8)
FNDA:0,(anonymous_9)
FNDA:0,(anonymous_10)
FNDA:0,(anonymous_11)
FNDA:0,(anonymous_12)
FNDA:0,(anonymous_13)
FNDA:0,(anonymous_14)
FNDA:0,(anonymous_15)
FNDA:0,(anonymous_16)
FNDA:0,(anonymous_17)
FNDA:0,(anonymous_18)
FNDA:0,(anonymous_19)
FNDA:0,(anonymous_20)
FNDA:0,(anonymous_21)
FNDA:0,(anonymous_22)
FNDA:0,(anonymous_23)
FNDA:0,(anonymous_24)
FNDA:0,(anonymous_25)
FNDA:0,(anonymous_26)
FNDA:0,(anonymous_27)
FNDA:0,(anonymous_28)
FNDA:0,(anonymous_29)
DA:7,0
DA:8,0
DA:9,0
DA:10,0
DA:11,0
DA:13,0
DA:14,0
DA:15,0
DA:17,0
DA:24,0
DA:25,0
DA:28,0
DA:29,0
DA:32,0
DA:33,0
DA:35,0
DA:40,0
DA:41,0
DA:42,0
DA:45,0
DA:46,0
DA:47,0
DA:49,0
DA:51,0
DA:55,0
DA:56,0
DA:59,0
DA:60,0
DA:61,0
DA:64,0
DA:65,0
DA:68,0
DA:69,0
DA:70,0
DA:73,0
DA:74,0
DA:75,0
DA:76,0
DA:79,0
DA:80,0
DA:82,0
DA:90,0
DA:103,0
DA:109,0
DA:116,0
DA:123,0
DA:142,0
DA:152,0
DA:154,0
DA:155,0
DA:161,0
DA:175,0
DA:179,0
DA:185,0
LF:54
LH:0
BRDA:15,0,0,0
BRDA:15,0,1,0
BRDA:35,1,0,0
BRDA:35,1,1,0
BRDA:46,2,0,0
BRDA:46,2,1,0
BRDA:51,3,0,0
BRDA:51,3,1,0
BRDA:74,4,0,0
BRDA:74,4,1,0
BRDA:75,5,0,0
BRDA:75,5,1,0
BRDA:99,6,0,0
BRDA:99,6,1,0
BRDA:103,7,0,0
BRDA:103,7,1,0
BRDA:110,8,0,0
BRDA:110,8,1,0
BRDA:117,9,0,0
BRDA:117,9,1,0
BRDA:124,10,0,0
BRDA:124,10,1,0
BRDA:130,11,0,0
BRDA:130,11,1,0
BRDA:144,12,0,0
BRDA:144,12,1,0
BRDA:147,13,0,0
BRDA:147,13,1,0
BRDA:154,14,0,0
BRDA:154,14,1,0
BRDA:155,15,0,0
BRDA:155,15,1,0
BRDA:198,16,0,0
BRDA:198,16,1,0
BRF:34
BRH:0
end_of_record
TN:
SF:src/components/UserList.jsx
FN:6,UserList
FN:14,(anonymous_1)
FN:15,(anonymous_2)
FN:32,(anonymous_3)
FN:36,(anonymous_4)
FN:38,(anonymous_5)
FN:46,(anonymous_6)
FN:51,(anonymous_7)
FN:64,(anonymous_8)
FN:121,(anonymous_9)
FN:129,(anonymous_10)
FN:137,(anonymous_11)
FN:147,(anonymous_12)
FNF:13
FNH:0
FNDA:0,UserList
FNDA:0,(anonymous_1)
FNDA:0,(anonymous_2)
FNDA:0,(anonymous_3)
FNDA:0,(anonymous_4)
FNDA:0,(anonymous_5)
FNDA:0,(anonymous_6)
FNDA:0,(anonymous_7)
FNDA:0,(anonymous_8)
FNDA:0,(anonymous_9)
FNDA:0,(anonymous_10)
FNDA:0,(anonymous_11)
FNDA:0,(anonymous_12)
DA:7,0
DA:8,0
DA:9,0
DA:10,0
DA:11,0
DA:12,0
DA:14,0
DA:15,0
DA:16,0
DA:17,0
DA:19,0
DA:20,0
DA:21,0
DA:23,0
DA:25,0
DA:29,0
DA:32,0
DA:33,0
DA:36,0
DA:37,0
DA:38,0
DA:40,0
DA:41,0
DA:45,0
DA:47,0
DA:51,0
DA:52,0
DA:53,0
DA:55,0
DA:56,0
DA:61,0
DA:64,0
DA:65,0
DA:66,0
DA:68,0
DA:69,0
DA:70,0
DA:72,0
DA:74,0
DA:78,0
DA:79,0
DA:86,0
DA:87,0
DA:97,0
DA:121,0
DA:129,0
DA:137,0
DA:148,0
LF:48
LH:0
BRDA:23,0,0,0
BRDA:23,0,1,0
BRDA:37,1,0,0
BRDA:37,1,1,0
BRDA:38,2,0,0
BRDA:38,2,1,0
BRDA:47,3,0,0
BRDA:47,3,1,0
BRDA:55,4,0,0
BRDA:55,4,1,0
BRDA:56,5,0,0
BRDA:56,5,1,0
BRDA:61,6,0,0
BRDA:61,6,1,0
BRDA:72,7,0,0
BRDA:72,7,1,0
BRDA:78,8,0,0
BRDA:78,8,1,0
BRDA:86,9,0,0
BRDA:86,9,1,0
BRDA:114,10,0,0
BRDA:114,10,1,0
BRDA:123,11,0,0
BRDA:123,11,1,0
BRDA:126,12,0,0
BRDA:126,12,1,0
BRDA:126,13,0,0
BRDA:126,13,1,0
BRDA:131,14,0,0
BRDA:131,14,1,0
BRDA:134,15,0,0
BRDA:134,15,1,0
BRDA:134,16,0,0
BRDA:134,16,1,0
BRDA:139,17,0,0
BRDA:139,17,1,0
BRDA:142,18,0,0
BRDA:142,18,1,0
BRDA:142,19,0,0
BRDA:142,19,1,0
BRF:40
BRH:0
end_of_record
TN:
SF:src/components/index.js
FNF:0
FNH:0
LF:0
LH:0
BRF:0
BRH:0
end_of_record
TN:
SF:src/utils/arrayUtils.js
FN:7,(anonymous_0)
FN:12,(anonymous_1)
FN:17,(anonymous_2)
FN:22,(anonymous_3)
FN:27,(anonymous_4)
FN:31,(anonymous_5)
FN:40,(anonymous_6)
FN:45,(anonymous_7)
FN:54,(anonymous_8)
FN:59,(anonymous_9)
FN:65,(anonymous_10)
FN:67,(anonymous_11)
FN:70,(anonymous_12)
FN:72,(anonymous_13)
FN:77,(anonymous_14)
FN:79,(anonymous_15)
FN:87,(anonymous_16)
FN:89,(anonymous_17)
FN:92,(anonymous_18)
FN:94,(anonymous_19)
FN:97,(anonymous_20)
FN:99,(anonymous_21)
FN:110,(anonymous_22)
FN:113,(anonymous_23)
FN:116,(anonymous_24)
FN:119,(anonymous_25)
FN:122,(anonymous_26)
FN:128,(anonymous_27)
FN:138,(anonymous_28)
FN:145,(anonymous_29)
FN:147,(anonymous_30)
FN:150,(anonymous_31)
FN:152,(anonymous_32)
FN:155,(anonymous_33)
FN:160,(anonymous_34)
FN:166,(anonymous_35)
FN:182,(anonymous_36)
FN:185,(anonymous_37)
FNF:38
FNH:7
FNDA:0,(anonymous_0)
FNDA:0,(anonymous_1)
FNDA:0,(anonymous_2)
FNDA:2,(anonymous_3)
FNDA:0,(anonymous_4)
FNDA:0,(anonymous_5)
FNDA:0,(anonymous_6)
FNDA:0,(anonymous_7)
FNDA:0,(anonymous_8)
FNDA:1,(anonymous_9)
FNDA:0,(anonymous_10)
FNDA:0,(anonymous_11)
FNDA:0,(anonymous_12)
FNDA:0,(anonymous_13)
FNDA:0,(anonymous_14)
FNDA:0,(anonymous_15)
FNDA:0,(anonymous_16)
FNDA:0,(anonymous_17)
FNDA:0,(anonymous_18)
FNDA:0,(anonymous_19)
FNDA:1,(anonymous_20)
FNDA:5,(anonymous_21)
FNDA:0,(anonymous_22)
FNDA:0,(anonymous_23)
FNDA:0,(anonymous_24)
FNDA:0,(anonymous_25)
FNDA:0,(anonymous_26)
FNDA:0,(anonymous_27)
FNDA:0,(anonymous_28)
FNDA:2,(anonymous_29)
FNDA:9,(anonymous_30)
FNDA:0,(anonymous_31)
FNDA:0,(anonymous_32)
FNDA:0,(anonymous_33)
FNDA:0,(anonymous_34)
FNDA:1,(anonymous_35)
FNDA:0,(anonymous_36)
FNDA:0,(anonymous_37)
DA:7,1
DA:8,0
DA:9,0
DA:12,1
DA:13,0
DA:14,0
DA:17,1
DA:18,0
DA:22,1
DA:23,2
DA:24,2
DA:27,1
DA:28,0
DA:29,0
DA:30,0
DA:31,0
DA:32,0
DA:33,0
DA:35,0
DA:37,0
DA:40,1
DA:41,0
DA:45,1
DA:46,0
DA:47,0
DA:48,0
DA:49,0
DA:51,0
DA:54,1
DA:55,0
DA:56,0
DA:59,1
DA:60,1
DA:61,1
DA:65,1
DA:66,0
DA:67,0
DA:70,1
DA:71,0
DA:72,0
DA:73,0
DA:77,1
DA:78,0
DA:79,0
DA:80,0
DA:81,0
DA:82,0
DA:87,1
DA:88,0
DA:89,0
DA:92,1
DA:93,0
DA:94,0
DA:97,1
DA:98,1
DA:99,1
DA:100,5
DA:101,5
DA:102,3
DA:104,5
DA:105,5
DA:110,1
DA:111,0
DA:112,0
DA:113,0
DA:116,1
DA:117,0
DA:118,0
DA:119,0
DA:122,1
DA:123,0
DA:124,0
DA:128,1
DA:129,0
DA:130,0
DA:131,0
DA:132,0
DA:133,0
DA:135,0
DA:138,1
DA:139,0
DA:140,0
DA:141,0
DA:145,1
DA:146,2
DA:147,9
DA:150,1
DA:151,0
DA:152,0
DA:155,1
DA:156,0
DA:157,0
DA:160,1
DA:161,0
DA:162,0
DA:166,1
DA:167,1
DA:168,1
DA:169,1
DA:170,1
DA:171,6
DA:174,0
DA:175,0
DA:178,1
DA:182,1
DA:183,0
DA:184,0
DA:186,0
LF:108
LH:45
BRDA:8,0,0,0
BRDA:8,0,1,0
BRDA:8,1,0,0
BRDA:8,1,1,0
BRDA:13,2,0,0
BRDA:13,2,1,0
BRDA:13,3,0,0
BRDA:13,3,1,0
BRDA:18,4,0,0
BRDA:18,4,1,0
BRDA:23,5,0,0
BRDA:23,5,1,2
BRDA:28,6,0,0
BRDA:28,6,1,0
BRDA:32,7,0,0
BRDA:32,7,1,0
BRDA:46,8,0,0
BRDA:46,8,1,0
BRDA:46,9,0,0
BRDA:46,9,1,0
BRDA:54,10,0,0
BRDA:55,11,0,0
BRDA:55,11,1,0
BRDA:60,12,0,0
BRDA:60,12,1,1
BRDA:65,13,0,0
BRDA:66,14,0,0
BRDA:66,14,1,0
BRDA:67,15,0,0
BRDA:67,15,1,0
BRDA:70,16,0,0
BRDA:71,17,0,0
BRDA:71,17,1,0
BRDA:73,18,0,0
BRDA:73,18,1,0
BRDA:77,19,0,0
BRDA:78,20,0,0
BRDA:78,20,1,0
BRDA:80,21,0,0
BRDA:80,21,1,0
BRDA:80,22,0,0
BRDA:80,22,1,0
BRDA:81,23,0,0
BRDA:81,23,1,0
BRDA:81,24,0,0
BRDA:81,24,1,0
BRDA:88,25,0,0
BRDA:88,25,1,0
BRDA:93,26,0,0
BRDA:93,26,1,0
BRDA:98,27,0,0
BRDA:98,27,1,1
BRDA:101,28,0,3
BRDA:101,28,1,2
BRDA:111,29,0,0
BRDA:111,29,1,0
BRDA:111,30,0,0
BRDA:111,30,1,0
BRDA:117,31,0,0
BRDA:117,31,1,0
BRDA:117,32,0,0
BRDA:117,32,1,0
BRDA:123,33,0,0
BRDA:123,33,1,0
BRDA:123,34,0,0
BRDA:123,34,1,0
BRDA:129,35,0,0
BRDA:129,35,1,0
BRDA:138,36,0,0
BRDA:139,37,0,0
BRDA:139,37,1,0
BRDA:139,38,0,0
BRDA:139,38,1,0
BRDA:146,39,0,0
BRDA:146,39,1,2
BRDA:151,40,0,0
BRDA:151,40,1,0
BRDA:152,41,0,0
BRDA:152,41,1,0
BRDA:156,42,0,0
BRDA:156,42,1,0
BRDA:156,43,0,0
BRDA:156,43,1,0
BRDA:161,44,0,0
BRDA:161,44,1,0
BRDA:161,45,0,0
BRDA:161,45,1,0
BRDA:166,46,0,1
BRDA:167,47,0,0
BRDA:167,47,1,1
BRDA:169,48,0,1
BRDA:169,48,1,0
BRDA:183,49,0,0
BRDA:183,49,1,0
BRDA:186,50,0,0
BRDA:186,50,1,0
BRF:96
BRH:9
end_of_record
TN:
SF:src/utils/dateUtils.js
FN:7,(anonymous_0)
FN:29,(anonymous_1)
FN:38,(anonymous_2)
FN:47,(anonymous_3)
FN:57,(anonymous_4)
FN:65,(anonymous_5)
FN:73,(anonymous_6)
FN:81,(anonymous_7)
FN:92,(anonymous_8)
FN:99,(anonymous_9)
FN:106,(anonymous_10)
FN:118,(anonymous_11)
FN:127,(anonymous_12)
FN:136,(anonymous_13)
FN:143,(anonymous_14)
FN:150,(anonymous_15)
FN:158,(anonymous_16)
FN:171,(anonymous_17)
FN:179,(anonymous_18)
FN:184,(anonymous_19)
FN:210,(anonymous_20)
FN:230,(anonymous_21)
FNF:22
FNH:6
FNDA:0,(anonymous_0)
FNDA:2,(anonymous_1)
FNDA:1,(anonymous_2)
FNDA:1,(anonymous_3)
FNDA:2,(anonymous_4)
FNDA:0,(anonymous_5)
FNDA:0,(anonymous_6)
FNDA:0,(anonymous_7)
FNDA:0,(anonymous_8)
FNDA:0,(anonymous_9)
FNDA:0,(anonymous_10)
FNDA:0,(anonymous_11)
FNDA:0,(anonymous_12)
FNDA:0,(anonymous_13)
FNDA:0,(anonymous_14)
FNDA:5,(anonymous_15)
FNDA:0,(anonymous_16)
FNDA:0,(anonymous_17)
FNDA:0,(anonymous_18)
FNDA:0,(anonymous_19)
FNDA:0,(anonymous_20)
FNDA:5,(anonymous_21)
DA:7,1
DA:8,0
DA:9,0
DA:12,0
DA:13,0
DA:14,0
DA:15,0
DA:16,0
DA:17,0
DA:19,0
DA:29,1
DA:30,2
DA:31,0
DA:33,2
DA:34,2
DA:35,2
DA:38,1
DA:39,1
DA:40,0
DA:42,1
DA:43,1
DA:44,1
DA:47,1
DA:48,1
DA:49,0
DA:51,1
DA:52,1
DA:53,1
DA:57,1
DA:58,2
DA:59,0
DA:61,2
DA:62,2
DA:65,1
DA:66,0
DA:67,0
DA:69,0
DA:70,0
DA:73,1
DA:74,0
DA:75,0
DA:77,0
DA:81,1
DA:82,0
DA:83,0
DA:85,0
DA:92,1
DA:93,0
DA:94,0
DA:96,0
DA:99,1
DA:100,0
DA:101,0
DA:103,0
DA:106,1
DA:107,0
DA:112,0
DA:114,0
DA:118,1
DA:119,0
DA:120,0
DA:122,0
DA:123,0
DA:124,0
DA:127,1
DA:128,0
DA:129,0
DA:131,0
DA:132,0
DA:133,0
DA:136,1
DA:137,0
DA:138,0
DA:140,0
DA:143,1
DA:144,0
DA:145,0
DA:147,0
DA:150,1
DA:151,5
DA:152,0
DA:154,5
DA:158,1
DA:159,0
DA:160,0
DA:162,0
DA:165,0
DA:166,0
DA:167,0
DA:168,0
DA:171,1
DA:172,0
DA:173,0
DA:175,0
DA:176,0
DA:179,1
DA:180,0
DA:184,1
DA:185,0
DA:186,0
DA:189,0
DA:190,0
DA:191,0
DA:192,0
DA:193,0
DA:195,0
DA:196,0
DA:197,0
DA:198,0
DA:199,0
DA:200,0
DA:201,0
DA:202,0
DA:203,0
DA:204,0
DA:205,0
DA:206,0
DA:210,1
DA:211,0
DA:212,0
DA:215,0
DA:216,0
DA:217,0
DA:219,0
DA:223,0
DA:226,0
DA:230,1
DA:231,5
LF:128
LH:40
BRDA:7,0,0,0
BRDA:8,1,0,0
BRDA:8,1,1,0
BRDA:8,2,0,0
BRDA:8,2,1,0
BRDA:30,3,0,0
BRDA:30,3,1,2
BRDA:30,4,0,2
BRDA:30,4,1,2
BRDA:39,5,0,0
BRDA:39,5,1,1
BRDA:39,6,0,1
BRDA:39,6,1,1
BRDA:48,7,0,0
BRDA:48,7,1,1
BRDA:48,8,0,1
BRDA:48,8,1,1
BRDA:58,9,0,0
BRDA:58,9,1,2
BRDA:58,10,0,2
BRDA:58,10,1,2
BRDA:66,11,0,0
BRDA:66,11,1,0
BRDA:66,12,0,0
BRDA:66,12,1,0
BRDA:74,13,0,0
BRDA:74,13,1,0
BRDA:74,14,0,0
BRDA:74,14,1,0
BRDA:82,15,0,0
BRDA:82,15,1,0
BRDA:82,16,0,0
BRDA:82,16,1,0
BRDA:86,17,0,0
BRDA:86,17,1,0
BRDA:86,17,2,0
BRDA:93,18,0,0
BRDA:93,18,1,0
BRDA:93,19,0,0
BRDA:93,19,1,0
BRDA:100,20,0,0
BRDA:100,20,1,0
BRDA:100,21,0,0
BRDA:100,21,1,0
BRDA:107,22,0,0
BRDA:107,22,1,0
BRDA:108,23,0,0
BRDA:108,23,1,0
BRDA:108,23,2,0
BRDA:114,24,0,0
BRDA:114,24,1,0
BRDA:119,25,0,0
BRDA:119,25,1,0
BRDA:119,26,0,0
BRDA:119,26,1,0
BRDA:128,27,0,0
BRDA:128,27,1,0
BRDA:128,28,0,0
BRDA:128,28,1,0
BRDA:137,29,0,0
BRDA:137,29,1,0
BRDA:137,30,0,0
BRDA:137,30,1,0
BRDA:144,31,0,0
BRDA:144,31,1,0
BRDA:144,32,0,0
BRDA:144,32,1,0
BRDA:151,33,0,0
BRDA:151,33,1,5
BRDA:151,34,0,5
BRDA:151,34,1,5
BRDA:159,35,0,0
BRDA:159,35,1,0
BRDA:159,36,0,0
BRDA:159,36,1,0
BRDA:165,37,0,0
BRDA:165,37,1,0
BRDA:172,38,0,0
BRDA:172,38,1,0
BRDA:172,39,0,0
BRDA:172,39,1,0
BRDA:176,40,0,0
BRDA:176,40,1,0
BRDA:185,41,0,0
BRDA:185,41,1,0
BRDA:185,42,0,0
BRDA:185,42,1,0
BRDA:195,43,0,0
BRDA:195,43,1,0
BRDA:196,44,0,0
BRDA:196,44,1,0
BRDA:197,45,0,0
BRDA:197,45,1,0
BRDA:198,46,0,0
BRDA:198,46,1,0
BRDA:199,47,0,0
BRDA:199,47,1,0
BRDA:200,48,0,0
BRDA:200,48,1,0
BRDA:201,49,0,0
BRDA:201,49,1,0
BRDA:202,50,0,0
BRDA:202,50,1,0
BRDA:203,51,0,0
BRDA:203,51,1,0
BRDA:204,52,0,0
BRDA:204,52,1,0
BRDA:205,53,0,0
BRDA:205,53,1,0
BRDA:206,54,0,0
BRDA:206,54,1,0
BRDA:211,55,0,0
BRDA:211,55,1,0
BRDA:211,56,0,0
BRDA:211,56,1,0
BRDA:219,57,0,0
BRDA:219,57,1,0
BRDA:220,58,0,0
BRDA:220,58,1,0
BRDA:220,58,2,0
BRDA:231,59,0,5
BRDA:231,59,1,4
BRDA:231,59,2,4
BRF:123
BRH:18
end_of_record
TN:
SF:src/utils/index.js
FNF:0
FNH:0
LF:0
LH:0
BRF:0
BRH:0
end_of_record
TN:
SF:src/utils/mathUtils.js
FN:7,(anonymous_0)
FN:9,(anonymous_1)
FN:11,(anonymous_2)
FN:13,(anonymous_3)
FN:21,(anonymous_4)
FN:31,(anonymous_5)
FN:41,(anonymous_6)
FN:49,(anonymous_7)
FN:60,(anonymous_8)
FN:65,(anonymous_9)
FN:69,(anonymous_10)
FN:72,(anonymous_11)
FN:76,(anonymous_12)
FN:83,(anonymous_13)
FN:88,(anonymous_14)
FN:93,(anonymous_15)
FN:97,(anonymous_16)
FN:101,(anonymous_17)
FN:108,(anonymous_18)
FNF:19
FNH:3
FNDA:3,(anonymous_0)
FNDA:2,(anonymous_1)
FNDA:0,(anonymous_2)
FNDA:2,(anonymous_3)
FNDA:0,(anonymous_4)
FNDA:0,(anonymous_5)
FNDA:0,(anonymous_6)
FNDA:0,(anonymous_7)
FNDA:0,(anonymous_8)
FNDA:0,(anonymous_9)
FNDA:0,(anonymous_10)
FNDA:0,(anonymous_11)
FNDA:0,(anonymous_12)
FNDA:0,(anonymous_13)
FNDA:0,(anonymous_14)
FNDA:0,(anonymous_15)
FNDA:0,(anonymous_16)
FNDA:0,(anonymous_17)
FNDA:0,(anonymous_18)
DA:7,3
DA:9,2
DA:11,2
DA:13,2
DA:14,2
DA:15,1
DA:17,1
DA:21,2
DA:22,0
DA:23,0
DA:25,0
DA:26,0
DA:28,0
DA:31,2
DA:32,0
DA:33,0
DA:35,0
DA:36,0
DA:38,0
DA:41,2
DA:42,0
DA:43,0
DA:44,0
DA:46,0
DA:49,2
DA:50,0
DA:51,0
DA:52,0
DA:53,0
DA:54,0
DA:55,0
DA:57,0
DA:60,2
DA:61,0
DA:65,2
DA:66,0
DA:67,0
DA:69,0
DA:72,2
DA:73,0
DA:74,0
DA:76,0
DA:77,0
DA:78,0
DA:83,2
DA:84,0
DA:85,0
DA:87,0
DA:88,0
DA:89,0
DA:93,2
DA:94,0
DA:97,2
DA:98,0
DA:101,2
DA:102,0
DA:103,0
DA:105,0
DA:108,2
DA:109,0
DA:110,0
LF:61
LH:19
BRDA:14,0,0,1
BRDA:14,0,1,1
BRDA:22,1,0,0
BRDA:22,1,1,0
BRDA:25,2,0,0
BRDA:25,2,1,0
BRDA:25,3,0,0
BRDA:25,3,1,0
BRDA:32,4,0,0
BRDA:32,4,1,0
BRDA:35,5,0,0
BRDA:35,5,1,0
BRDA:42,6,0,0
BRDA:42,6,1,0
BRDA:44,7,0,0
BRDA:44,7,1,0
BRDA:66,8,0,0
BRDA:66,8,1,0
BRDA:66,9,0,0
BRDA:66,9,1,0
BRDA:73,10,0,0
BRDA:73,10,1,0
BRDA:73,11,0,0
BRDA:73,11,1,0
BRDA:78,12,0,0
BRDA:78,12,1,0
BRDA:84,13,0,0
BRDA:84,13,1,0
BRDA:84,14,0,0
BRDA:84,14,1,0
BRDA:98,15,0,0
BRDA:98,15,1,0
BRDA:102,16,0,0
BRDA:102,16,1,0
BRDA:108,17,0,0
BRF:35
BRH:2
end_of_record
TN:
SF:src/utils/stringUtils.js
FN:7,(anonymous_0)
FN:12,(anonymous_1)
FN:16,(anonymous_2)
FN:20,(anonymous_3)
FN:25,(anonymous_4)
FN:32,(anonymous_5)
FN:37,(anonymous_6)
FN:42,(anonymous_7)
FN:49,(anonymous_8)
FN:60,(anonymous_9)
FN:65,(anonymous_10)
FN:71,(anonymous_11)
FN:79,(anonymous_12)
FN:83,(anonymous_13)
FN:86,(anonymous_14)
FN:95,(anonymous_15)
FN:106,(anonymous_16)
FN:112,(anonymous_17)
FN:119,(anonymous_18)
FN:128,(anonymous_19)
FN:130,(anonymous_20)
FNF:21
FNH:2
FNDA:0,(anonymous_0)
FNDA:0,(anonymous_1)
FNDA:0,(anonymous_2)
FNDA:0,(anonymous_3)
FNDA:0,(anonymous_4)
FNDA:0,(anonymous_5)
FNDA:0,(anonymous_6)
FNDA:0,(anonymous_7)
FNDA:0,(anonymous_8)
FNDA:0,(anonymous_9)
FNDA:0,(anonymous_10)
FNDA:2,(anonymous_11)
FNDA:0,(anonymous_12)
FNDA:0,(anonymous_13)
FNDA:2,(anonymous_14)
FNDA:0,(anonymous_15)
FNDA:0,(anonymous_16)
FNDA:0,(anonymous_17)
FNDA:0,(anonymous_18)
FNDA:0,(anonymous_19)
FNDA:0,(anonymous_20)
DA:7,1
DA:8,0
DA:9,0
DA:12,1
DA:13,0
DA:14,0
DA:16,0
DA:20,1
DA:21,0
DA:22,0
DA:25,1
DA:26,0
DA:27,0
DA:28,0
DA:32,1
DA:33,0
DA:34,0
DA:37,1
DA:38,0
DA:39,0
DA:42,1
DA:43,0
DA:44,0
DA:45,0
DA:49,1
DA:50,0
DA:55,0
DA:57,0
DA:60,1
DA:61,0
DA:62,0
DA:65,1
DA:66,0
DA:67,0
DA:71,1
DA:72,2
DA:73,2
DA:79,1
DA:80,0
DA:81,0
DA:83,0
DA:86,1
DA:87,2
DA:88,2
DA:95,1
DA:96,0
DA:97,0
DA:106,1
DA:107,0
DA:108,0
DA:109,0
DA:112,1
DA:113,0
DA:114,0
DA:115,0
DA:119,1
DA:120,0
DA:121,0
DA:122,0
DA:123,0
DA:124,0
DA:128,1
DA:129,0
DA:130,0
DA:131,0
LF:65
LH:22
BRDA:8,0,0,0
BRDA:8,0,1,0
BRDA:13,1,0,0
BRDA:13,1,1,0
BRDA:21,2,0,0
BRDA:21,2,1,0
BRDA:26,3,0,0
BRDA:26,3,1,0
BRDA:33,4,0,0
BRDA:33,4,1,0
BRDA:33,5,0,0
BRDA:33,5,1,0
BRDA:37,6,0,0
BRDA:38,7,0,0
BRDA:38,7,1,0
BRDA:39,8,0,0
BRDA:39,8,1,0
BRDA:42,9,0,0
BRDA:43,10,0,0
BRDA:43,10,1,0
BRDA:44,11,0,0
BRDA:44,11,1,0
BRDA:50,12,0,0
BRDA:50,12,1,0
BRDA:51,13,0,0
BRDA:51,13,1,0
BRDA:51,13,2,0
BRDA:57,14,0,0
BRDA:57,14,1,0
BRDA:61,15,0,0
BRDA:61,15,1,0
BRDA:66,16,0,0
BRDA:66,16,1,0
BRDA:72,17,0,0
BRDA:72,17,1,2
BRDA:80,18,0,0
BRDA:80,18,1,0
BRDA:87,19,0,0
BRDA:87,19,1,2
BRDA:96,20,0,0
BRDA:96,20,1,0
BRDA:107,21,0,0
BRDA:107,21,1,0
BRDA:109,22,0,0
BRDA:109,22,1,0
BRDA:113,23,0,0
BRDA:113,23,1,0
BRDA:115,24,0,0
BRDA:115,24,1,0
BRDA:119,25,0,0
BRDA:119,26,0,0
BRDA:120,27,0,0
BRDA:120,27,1,0
BRDA:121,28,0,0
BRDA:121,28,1,0
BRDA:129,29,0,0
BRDA:129,29,1,0
BRDA:131,30,0,0
BRDA:131,30,1,0
BRDA:131,31,0,0
BRDA:131,31,1,0
BRF:61
BRH:2
end_of_record
TN:
SF:src/utils/validationUtils.js
FN:7,(anonymous_0)
FN:14,(anonymous_1)
FN:33,(anonymous_2)
FN:51,(anonymous_3)
FN:58,(anonymous_4)
FN:69,(anonymous_5)
FN:94,(anonymous_6)
FN:100,(anonymous_7)
FN:105,(anonymous_8)
FN:110,(anonymous_9)
FN:126,(anonymous_10)
FN:133,(anonymous_11)
FN:138,(anonymous_12)
FN:143,(anonymous_13)
FN:148,(anonymous_14)
FN:152,(anonymous_15)
FN:156,(anonymous_16)
FN:160,(anonymous_17)
FN:164,(anonymous_18)
FN:169,(anonymous_19)
FN:196,(anonymous_20)
FN:211,(anonymous_21)
FN:214,(anonymous_22)
FNF:23
FNH:8
FNDA:1,(anonymous_0)
FNDA:0,(anonymous_1)
FNDA:27,(anonymous_2)
FNDA:0,(anonymous_3)
FNDA:0,(anonymous_4)
FNDA:9,(anonymous_5)
FNDA:0,(anonymous_6)
FNDA:0,(anonymous_7)
FNDA:0,(anonymous_8)
FNDA:0,(anonymous_9)
FNDA:2,(anonymous_10)
FNDA:12,(anonymous_11)
FNDA:10,(anonymous_12)
FNDA:11,(anonymous_13)
FNDA:0,(anonymous_14)
FNDA:0,(anonymous_15)
FNDA:0,(anonymous_16)
FNDA:0,(anonymous_17)
FNDA:0,(anonymous_18)
FNDA:11,(anonymous_19)
FNDA:0,(anonymous_20)
FNDA:0,(anonymous_21)
FNDA:0,(anonymous_22)
DA:7,2
DA:8,1
DA:9,1
DA:10,1
DA:14,2
DA:21,0
DA:23,0
DA:24,0
DA:25,0
DA:26,0
DA:27,0
DA:28,0
DA:30,0
DA:33,2
DA:34,27
DA:36,27
DA:38,27
DA:39,27
DA:40,27
DA:41,27
DA:42,27
DA:43,27
DA:45,27
DA:46,2
DA:47,1
DA:51,2
DA:52,0
DA:53,0
DA:54,0
DA:58,2
DA:59,0
DA:60,0
DA:61,0
DA:62,0
DA:64,0
DA:69,2
DA:70,9
DA:72,8
DA:73,8
DA:75,6
DA:76,6
DA:78,6
DA:79,96
DA:81,96
DA:82,48
DA:83,48
DA:86,96
DA:87,96
DA:90,6
DA:94,2
DA:95,0
DA:96,0
DA:97,0
DA:100,2
DA:101,0
DA:102,0
DA:105,2
DA:106,0
DA:107,0
DA:110,2
DA:111,0
DA:113,0
DA:114,0
DA:115,0
DA:116,0
DA:118,0
DA:119,0
DA:122,0
DA:126,2
DA:127,2
DA:128,2
DA:129,0
DA:133,2
DA:134,12
DA:135,12
DA:138,2
DA:139,10
DA:140,10
DA:143,2
DA:144,11
DA:148,2
DA:149,0
DA:152,2
DA:153,0
DA:156,2
DA:157,0
DA:160,2
DA:161,0
DA:164,2
DA:165,0
DA:169,2
DA:175,11
DA:177,11
DA:178,11
DA:180,9
DA:181,9
DA:182,5
DA:183,4
DA:184,2
DA:185,2
DA:186,2
DA:188,0
DA:190,9
DA:192,9
DA:196,2
DA:197,0
DA:199,0
DA:206,0
DA:207,0
DA:211,2
DA:212,0
DA:214,0
DA:215,0
DA:216,0
DA:218,0
DA:219,0
DA:220,0
DA:221,0
DA:222,0
DA:227,0
LF:120
LH:68
BRDA:8,0,0,0
BRDA:8,0,1,1
BRDA:14,1,0,0
BRDA:16,2,0,0
BRDA:17,3,0,0
BRDA:18,4,0,0
BRDA:19,5,0,0
BRDA:20,6,0,0
BRDA:23,7,0,0
BRDA:23,7,1,0
BRDA:24,8,0,0
BRDA:24,8,1,0
BRDA:25,9,0,0
BRDA:25,9,1,0
BRDA:25,10,0,0
BRDA:25,10,1,0
BRDA:26,11,0,0
BRDA:26,11,1,0
BRDA:26,12,0,0
BRDA:26,12,1,0
BRDA:27,13,0,0
BRDA:27,13,1,0
BRDA:27,14,0,0
BRDA:27,14,1,0
BRDA:28,15,0,0
BRDA:28,15,1,0
BRDA:28,16,0,0
BRDA:28,16,1,0
BRDA:34,17,0,0
BRDA:34,17,1,27
BRDA:38,18,0,3
BRDA:38,18,1,24
BRDA:39,19,0,1
BRDA:39,19,1,26
BRDA:40,20,0,9
BRDA:40,20,1,18
BRDA:41,21,0,2
BRDA:41,21,1,25
BRDA:42,22,0,3
BRDA:42,22,1,24
BRDA:43,23,0,1
BRDA:43,23,1,26
BRDA:45,24,0,25
BRDA:45,24,1,2
BRDA:46,25,0,1
BRDA:46,25,1,1
BRDA:52,26,0,0
BRDA:52,26,1,0
BRDA:59,27,0,0
BRDA:59,27,1,0
BRDA:70,28,0,1
BRDA:70,28,1,8
BRDA:73,29,0,2
BRDA:73,29,1,6
BRDA:81,30,0,48
BRDA:81,30,1,48
BRDA:83,31,0,16
BRDA:83,31,1,32
BRDA:95,32,0,0
BRDA:95,32,1,0
BRDA:97,33,0,0
BRDA:97,33,1,0
BRDA:101,34,0,0
BRDA:101,34,1,0
BRDA:106,35,0,0
BRDA:106,35,1,0
BRDA:110,36,0,0
BRDA:111,37,0,0
BRDA:111,37,1,0
BRDA:118,38,0,0
BRDA:118,38,1,0
BRDA:118,39,0,0
BRDA:118,39,1,0
BRDA:118,39,2,0
BRDA:127,40,0,0
BRDA:127,40,1,2
BRDA:127,41,0,2
BRDA:127,41,1,2
BRDA:128,42,0,2
BRDA:128,42,1,0
BRDA:134,43,0,0
BRDA:134,43,1,12
BRDA:139,44,0,0
BRDA:139,44,1,10
BRDA:144,45,0,11
BRDA:144,45,1,10
BRDA:149,46,0,0
BRDA:149,46,1,0
BRDA:153,47,0,0
BRDA:153,47,1,0
BRDA:157,48,0,0
BRDA:157,48,1,0
BRDA:161,49,0,0
BRDA:161,49,1,0
BRDA:165,50,0,0
BRDA:165,50,1,0
BRDA:165,50,2,0
BRDA:169,51,0,5
BRDA:171,52,0,10
BRDA:172,53,0,10
BRDA:173,54,0,9
BRDA:174,55,0,9
BRDA:177,56,0,0
BRDA:177,56,1,11
BRDA:178,57,0,2
BRDA:178,57,1,9
BRDA:181,58,0,5
BRDA:181,58,1,4
BRDA:181,59,0,9
BRDA:181,59,1,7
BRDA:183,60,0,2
BRDA:183,60,1,2
BRDA:185,61,0,2
BRDA:185,61,1,0
BRDA:196,62,0,0
BRDA:197,63,0,0
BRDA:197,63,1,0
BRDA:207,64,0,0
BRDA:207,64,1,0
BRDA:220,65,0,0
BRDA:220,65,1,0
BRF:121
BRH:49
end_of_record
